16:04:10.337 [INFO] Build Cannot locate a Project File in C:\Projects\Playground\gauge-automation-testing\BookListing\GaugeTest
16:04:10.338 [INFO] 
16:04:10.362 [DEBUG] Runner exited with error: exit status 1
16:04:10.362 [DEBUG] Runner connection error: Runner exited with error: exit status 1
16:04:10.362 [DEBUG] Error while killing runner: invalid argument
09:04:30.829 [INFO] Build Cannot locate a Project File in C:\Projects\Playground\gauge-automation-testing\BookListing\GaugeTest
09:04:30.829 [INFO] 
09:04:30.851 [DEBUG] Runner exited with error: exit status 1
09:04:30.851 [DEBUG] Runner connection error: Runner exited with error: exit status 1
09:04:30.851 [DEBUG] Error while killing runner: invalid argument
15:34:46.702 [INFO] No specifications found.
15:35:38.570 [INFO] No specifications found.
15:39:37.176 [INFO] No specifications found.
15:39:44.812 [INFO] No specifications found.
15:40:33.769 [INFO] Build Cannot locate a Project File in C:\Projects\Playground\gauge-automation-testing\BookListing\GaugeTest
15:40:33.770 [INFO] 
15:40:33.791 [DEBUG] Runner exited with error: exit status 1
15:40:33.791 [DEBUG] Runner connection error: Runner exited with error: exit status 1
15:40:33.791 [DEBUG] Error while killing runner: invalid argument
15:42:18.774 [INFO] No specifications found.
15:48:20.113 [INFO] No specifications found.
15:55:08.620 [INFO]  create  manifest.json
15:55:08.621 [INFO]  skip  manifest.json
15:55:08.624 [INFO]  create  specs
15:55:08.625 [INFO]  skip  specs
15:55:08.625 [INFO]  create  specs/hello_world.spec
15:55:08.626 [INFO]  skip  specs/hello_world.spec
15:55:08.626 [INFO]  create  env
15:55:08.626 [INFO]  create  env/default
15:55:08.627 [INFO]  create  env/default/default.properties
15:55:15.084 [INFO] 
Successfully initialized the project. Run specifications with "gauge specs/"
15:56:02.691 [INFO]  create  manifest.json
15:56:02.691 [INFO]  skip  manifest.json
15:56:02.692 [INFO]  create  specs
15:56:02.692 [INFO]  skip  specs
15:56:02.693 [INFO]  create  specs/hello_world.spec
15:56:02.693 [INFO]  skip  specs/hello_world.spec
15:56:02.693 [INFO]  create  env
15:56:02.694 [INFO]  create  env/default
15:56:02.694 [INFO]  create  env/default/default.properties
15:56:12.647 [INFO] 
Successfully initialized the project. Run specifications with "gauge specs/"
15:56:47.218 [INFO] Build Building Project: C:\Projects\Playground\gauge-automation-testing\BookListing\GaugeTest\GaugeTest.sln
15:56:47.218 [INFO] 
15:56:47.458 [INFO] __________________________________________________
15:56:47.458 [INFO] Project "C:\Projects\Playground\gauge-automation-testing\BookListing\GaugeTest\GaugeTest.sln" (Build target(s)):

__________________________________________________
15:56:47.458 [INFO] Project "C:\Projects\Playground\gauge-automation-testing\BookListing\GaugeTest\GaugeTest.sln" is building "C:\Projects\Playground\gauge-automation-testing\BookListing\GaugeTest\GaugeTest.csproj" (default targets):

15:56:47.458 [INFO] StepImplementation.cs(26,15): warning CS0618: 'Gauge.CSharp.Lib.Table.GetRows()' is obsolete: 'Method GetRows is deprecated, please use GetTableRows instead.'
15:56:47.476 [INFO] Done building project "GaugeTest.csproj".
15:56:47.479 [INFO] Build Success
15:56:47.479 [INFO] 
15:57:21.116 [INFO] Executing specification: Home
15:57:21.121 [INFO] Executing scenario: Correct text is on Home Page
15:57:21.125 [DEBUG] Executing Step: * Go to home page
15:57:21.239 [ERROR] Failed step: Go to home page
15:57:21.239 [ERROR] Error Message: Object reference not set to an instance of an object.
15:57:21.239 [ERROR] Stacktrace:    at GaugeProjectTemplate.HomeSpecImplementation.NavigateToHome() in c:\Projects\Playground\gauge-automation-testing\BookListing\GaugeTest\HomeSpecImplementation.cs:line 22   at Gauge.CSharp.Runner.MethodExecutor.Execute(MethodInfo method, Object[] args) in c:\Program Files (x86)\Go Agent\pipelines\Gauge-Csharp\Runner\MethodExecutor.cs:line 52
15:57:21.449 [DEBUG] Plugin [Html Report] with pid [15128] has exited
15:57:21.549 [INFO] Specifications: 	1 executed, 0 passed, 1 failed, 0 skipped
15:57:21.549 [INFO] Scenarios: 	1 executed, 0 passed, 1 failed, 0 skipped
15:57:21.549 [INFO] Total time taken: 144ms
15:58:55.101 [INFO] Executing specification: Home
15:58:55.105 [INFO] Executing scenario: Correct text is on Home Page
15:58:55.108 [DEBUG] Executing Step: * Go to home page
15:59:01.945 [ERROR] Failed step: Go to home page
15:59:01.945 [ERROR] Error Message: Specified method is not supported.
15:59:01.945 [ERROR] Stacktrace:    at System.Runtime.DesignerServices.WindowsRuntimeDesignerContext..ctor(IEnumerable`1 paths, String name, Boolean designModeRequired)   at Gauge.CSharp.Runner.MethodExecutor.Execute(MethodInfo method, Object[] args) in c:\Program Files (x86)\Go Agent\pipelines\Gauge-Csharp\Runner\MethodExecutor.cs:line 52
15:59:02.053 [DEBUG] Plugin [Html Report] with pid [13544] has exited
15:59:02.154 [INFO] Specifications: 	1 executed, 0 passed, 1 failed, 0 skipped
15:59:02.154 [INFO] Scenarios: 	1 executed, 0 passed, 1 failed, 0 skipped
15:59:02.154 [INFO] Total time taken: 6.861s
15:59:14.153 [INFO] Executing specification: Home
15:59:14.157 [INFO] Executing scenario: Correct text is on Home Page
15:59:14.159 [DEBUG] Executing Step: * Go to home page
15:59:42.839 [ERROR] Failed step: Go to home page
15:59:42.839 [ERROR] Error Message: Specified method is not supported.
15:59:42.839 [ERROR] Stacktrace:    at System.Runtime.DesignerServices.WindowsRuntimeDesignerContext..ctor(IEnumerable`1 paths, String name, Boolean designModeRequired)   at Gauge.CSharp.Runner.MethodExecutor.Execute(MethodInfo method, Object[] args) in c:\Program Files (x86)\Go Agent\pipelines\Gauge-Csharp\Runner\MethodExecutor.cs:line 52
15:59:42.946 [DEBUG] Plugin [Html Report] with pid [11900] has exited
15:59:43.046 [INFO] Specifications: 	1 executed, 0 passed, 1 failed, 0 skipped
15:59:43.046 [INFO] Scenarios: 	1 executed, 0 passed, 1 failed, 0 skipped
15:59:43.046 [INFO] Total time taken: 28.704s
16:05:54.503 [INFO] Executing specification: Home
16:05:54.511 [INFO] Executing scenario: Correct text is on Home Page
16:05:54.517 [DEBUG] Executing Step: * Go to home page
16:06:36.203 [ERROR] Failed step: Go to home page
16:06:36.203 [ERROR] Error Message: The chromedriver.exe file does not exist in the current directory or in a directory on the PATH environment variable. The driver can be downloaded at http://chromedriver.storage.googleapis.com/index.html.
16:06:36.203 [ERROR] Stacktrace:    at OpenQA.Selenium.DriverService.FindDriverServiceExecutable(String executableName, Uri downloadUrl)
	   at OpenQA.Selenium.Chrome.ChromeDriverService.CreateDefaultService()
	   at OpenQA.Selenium.Chrome.ChromeDriver..ctor(ChromeOptions options)
	   at OpenQA.Selenium.Chrome.ChromeDriver..ctor()
	   at GaugeProjectTemplate.DriverFactory.Setup() in c:\Projects\Playground\gauge-automation-testing\BookListing\GaugeTest\DriverFactory.cs:line 17
	   at GaugeProjectTemplate.HomeSpecImplementation.get_Driver() in c:\Projects\Playground\gauge-automation-testing\BookListing\GaugeTest\HomeSpecImplementation.cs:line 18
	   at GaugeProjectTemplate.HomeSpecImplementation.NavigateToHome() in c:\Projects\Playground\gauge-automation-testing\BookListing\GaugeTest\HomeSpecImplementation.cs:line 26   at Gauge.CSharp.Runner.MethodExecutor.Execute(MethodInfo method, Object[] args) in c:\Program Files (x86)\Go Agent\pipelines\Gauge-Csharp\Runner\MethodExecutor.cs:line 52
16:06:36.310 [DEBUG] Plugin [Html Report] with pid [14384] has exited
16:06:36.411 [INFO] Specifications: 	1 executed, 0 passed, 1 failed, 0 skipped
16:06:36.411 [INFO] Scenarios: 	1 executed, 0 passed, 1 failed, 0 skipped
16:06:36.411 [INFO] Total time taken: 41.717s
16:06:45.933 [INFO] Executing specification: Home
16:06:45.936 [INFO] Executing scenario: Correct text is on Home Page
16:06:45.939 [DEBUG] Executing Step: * Go to home page
16:06:47.821 [INFO] Starting ChromeDriver (v2.9.248315) on port 20445
16:06:49.733 [INFO] Starting ChromeDriver (v2.9.248315) on port 20455
16:07:08.761 [INFO] Starting ChromeDriver (v2.9.248315) on port 20473
16:07:51.926 [DEBUG] Executing Step: * I see a "Hello Gauge" message
16:07:51.938 [INFO] Starting ChromeDriver (v2.9.248315) on port 20486
16:07:53.708 [ERROR] Failed step: I see a "Hello Gauge" message
16:07:53.708 [ERROR] Error Message: no such element
  (Session info: chrome=47.0.2526.106)
  (Driver info: chromedriver=2.9.248315,platform=Windows NT 6.3 x86_64)
16:07:53.708 [ERROR] Stacktrace:    at OpenQA.Selenium.Remote.RemoteWebDriver.UnpackAndThrowOnError(Response errorResponse)
	   at OpenQA.Selenium.Remote.RemoteWebDriver.Execute(String driverCommandToExecute, Dictionary`2 parameters)
	   at OpenQA.Selenium.Remote.RemoteWebDriver.FindElement(String mechanism, String value)
	   at OpenQA.Selenium.Remote.RemoteWebDriver.FindElementById(String id)
	   at OpenQA.Selenium.By.<>c__DisplayClass2.<Id>b__0(ISearchContext context)
	   at OpenQA.Selenium.By.FindElement(ISearchContext context)
	   at OpenQA.Selenium.Remote.RemoteWebDriver.FindElement(By by)
	   at GaugeProjectTemplate.HomeSpecImplementation.VerifyWelcomeMessage(String message) in c:\Projects\Playground\gauge-automation-testing\BookListing\GaugeTest\HomeSpecImplementation.cs:line 32   at Gauge.CSharp.Runner.MethodExecutor.Execute(MethodInfo method, Object[] args) in c:\Program Files (x86)\Go Agent\pipelines\Gauge-Csharp\Runner\MethodExecutor.cs:line 52
16:07:53.813 [DEBUG] Plugin [Html Report] with pid [8036] has exited
16:07:53.914 [INFO] Specifications: 	1 executed, 0 passed, 1 failed, 0 skipped
16:07:53.914 [INFO] Scenarios: 	1 executed, 0 passed, 1 failed, 0 skipped
16:07:53.914 [INFO] Total time taken: 1m7.79s
16:08:04.659 [INFO] Executing specification: Home
16:08:04.662 [INFO] Executing scenario: Correct text is on Home Page
16:08:04.665 [DEBUG] Executing Step: * Go to home page
16:08:07.006 [INFO] Starting ChromeDriver (v2.9.248315) on port 20522
16:08:35.849 [DEBUG] Executing Step: * I see a "Hello Gauge" message
16:08:35.861 [INFO] Starting ChromeDriver (v2.9.248315) on port 20544
16:08:37.575 [ERROR] Failed step: I see a "Hello Gauge" message
16:08:37.575 [ERROR] Error Message: no such element
  (Session info: chrome=47.0.2526.106)
  (Driver info: chromedriver=2.9.248315,platform=Windows NT 6.3 x86_64)
16:08:37.575 [ERROR] Stacktrace:    at OpenQA.Selenium.Remote.RemoteWebDriver.UnpackAndThrowOnError(Response errorResponse)
	   at OpenQA.Selenium.Remote.RemoteWebDriver.Execute(String driverCommandToExecute, Dictionary`2 parameters)
	   at OpenQA.Selenium.Remote.RemoteWebDriver.FindElement(String mechanism, String value)
	   at OpenQA.Selenium.Remote.RemoteWebDriver.FindElementById(String id)
	   at OpenQA.Selenium.By.<>c__DisplayClass2.<Id>b__0(ISearchContext context)
	   at OpenQA.Selenium.By.FindElement(ISearchContext context)
	   at OpenQA.Selenium.Remote.RemoteWebDriver.FindElement(By by)
	   at GaugeProjectTemplate.HomeSpecImplementation.VerifyWelcomeMessage(String message) in c:\Projects\Playground\gauge-automation-testing\BookListing\GaugeTest\HomeSpecImplementation.cs:line 32   at Gauge.CSharp.Runner.MethodExecutor.Execute(MethodInfo method, Object[] args) in c:\Program Files (x86)\Go Agent\pipelines\Gauge-Csharp\Runner\MethodExecutor.cs:line 52
16:08:37.680 [DEBUG] Plugin [Html Report] with pid [13820] has exited
16:08:37.780 [INFO] Specifications: 	1 executed, 0 passed, 1 failed, 0 skipped
16:08:37.780 [INFO] Scenarios: 	1 executed, 0 passed, 1 failed, 0 skipped
16:08:37.780 [INFO] Total time taken: 32.933s
16:09:11.925 [INFO] Executing specification: Home
16:09:11.928 [INFO] Executing scenario: Correct text is on Home Page
16:09:11.931 [DEBUG] Executing Step: * Go to home page
16:09:13.540 [INFO] Starting ChromeDriver (v2.9.248315) on port 20619
16:09:22.193 [DEBUG] Executing Step: * I see a "Hello Gauge" message
16:09:22.206 [INFO] Starting ChromeDriver (v2.9.248315) on port 20630
16:09:24.050 [ERROR] Failed step: I see a "Hello Gauge" message
16:09:24.050 [ERROR] Error Message: no such element
  (Session info: chrome=47.0.2526.106)
  (Driver info: chromedriver=2.9.248315,platform=Windows NT 6.3 x86_64)
16:09:24.050 [ERROR] Stacktrace:    at OpenQA.Selenium.Remote.RemoteWebDriver.UnpackAndThrowOnError(Response errorResponse)
	   at OpenQA.Selenium.Remote.RemoteWebDriver.Execute(String driverCommandToExecute, Dictionary`2 parameters)
	   at OpenQA.Selenium.Remote.RemoteWebDriver.FindElement(String mechanism, String value)
	   at OpenQA.Selenium.Remote.RemoteWebDriver.FindElementById(String id)
	   at OpenQA.Selenium.By.<>c__DisplayClass2.<Id>b__0(ISearchContext context)
	   at OpenQA.Selenium.By.FindElement(ISearchContext context)
	   at OpenQA.Selenium.Remote.RemoteWebDriver.FindElement(By by)
	   at GaugeProjectTemplate.HomeSpecImplementation.VerifyWelcomeMessage(String message) in c:\Projects\Playground\gauge-automation-testing\BookListing\GaugeTest\HomeSpecImplementation.cs:line 32   at Gauge.CSharp.Runner.MethodExecutor.Execute(MethodInfo method, Object[] args) in c:\Program Files (x86)\Go Agent\pipelines\Gauge-Csharp\Runner\MethodExecutor.cs:line 52
16:09:24.156 [DEBUG] Plugin [Html Report] with pid [2808] has exited
16:09:24.256 [INFO] Specifications: 	1 executed, 0 passed, 1 failed, 0 skipped
16:09:24.256 [INFO] Scenarios: 	1 executed, 0 passed, 1 failed, 0 skipped
16:09:24.256 [INFO] Total time taken: 12.142s
16:09:34.087 [INFO] Executing specification: Home
16:09:34.090 [INFO] Executing scenario: Correct text is on Home Page
16:09:34.093 [DEBUG] Executing Step: * Go to home page
16:09:37.032 [INFO] Starting ChromeDriver (v2.9.248315) on port 20655
16:15:02.539 [DEBUG] Executing Step: * I see a "Hello Gauge" message
16:15:02.561 [ERROR] Failed step: I see a "Hello Gauge" message
16:15:02.561 [ERROR] Error Message: Cannot load type 'Gauge.CSharp.Runner.ISandbox, Gauge.CSharp.Runner, Version=0.7.0.0, Culture=neutral, PublicKeyToken=null'.
16:15:02.561 [ERROR] Stacktrace: 
	Server stack trace: 
	   at System.Runtime.Remoting.Messaging.MethodCall.ResolveMethod(Boolean bThrowIfNotResolved)
	   at System.Runtime.Remoting.Messaging.MethodCall..ctor(SmuggledMethodCallMessage smuggledMsg, ArrayList deserializedArgs)
	   at System.Runtime.Remoting.Channels.CrossAppDomainSink.DoDispatch(Byte[] reqStmBuff, SmuggledMethodCallMessage smuggledMcm, SmuggledMethodReturnMessage& smuggledMrm)
	   at System.Runtime.Remoting.Channels.CrossAppDomainSink.DoTransitionDispatchCallback(Object[] args)
	
	Exception rethrown at [0]: 
	   at System.Runtime.Remoting.Proxies.RealProxy.HandleReturnMessage(IMessage reqMsg, IMessage retMsg)
	   at System.Runtime.Remoting.Proxies.RealProxy.PrivateInvoke(MessageData& msgData, Int32 type)
	   at Gauge.CSharp.Runner.ISandbox.GetAllPendingMessages()
	   at Gauge.CSharp.Runner.MethodExecutor.Execute(MethodInfo method, Object[] args) in c:\Program Files (x86)\Go Agent\pipelines\Gauge-Csharp\Runner\MethodExecutor.cs:line 61
16:15:02.666 [DEBUG] Plugin [Html Report] with pid [14848] has exited
16:15:02.767 [INFO] Specifications: 	1 executed, 0 passed, 1 failed, 0 skipped
16:15:02.767 [INFO] Scenarios: 	1 executed, 0 passed, 1 failed, 0 skipped
16:15:02.767 [INFO] Total time taken: 5m28.491s
16:28:00.042 [INFO] Executing specification: Home
16:28:00.045 [INFO] Executing scenario: Correct text is on Home Page
16:28:00.048 [DEBUG] Executing Step: * Go to home page
16:28:04.728 [INFO] Starting ChromeDriver (v2.9.248315) on port 21246
16:28:12.136 [DEBUG] Executing Step: * I see a "Hello Gauge" message
16:28:22.358 [INFO] Starting ChromeDriver (v2.9.248315) on port 21288
16:28:24.123 [ERROR] Failed step: I see a "Hello Gauge" message
16:28:24.123 [ERROR] Error Message: no such element
  (Session info: chrome=47.0.2526.106)
  (Driver info: chromedriver=2.9.248315,platform=Windows NT 6.3 x86_64)
16:28:24.123 [ERROR] Stacktrace:    at OpenQA.Selenium.Remote.RemoteWebDriver.UnpackAndThrowOnError(Response errorResponse)
	   at OpenQA.Selenium.Remote.RemoteWebDriver.Execute(String driverCommandToExecute, Dictionary`2 parameters)
	   at OpenQA.Selenium.Remote.RemoteWebDriver.FindElement(String mechanism, String value)
	   at OpenQA.Selenium.Remote.RemoteWebDriver.FindElementById(String id)
	   at OpenQA.Selenium.By.<>c__DisplayClass2.<Id>b__0(ISearchContext context)
	   at OpenQA.Selenium.By.FindElement(ISearchContext context)
	   at OpenQA.Selenium.Remote.RemoteWebDriver.FindElement(By by)
	   at GaugeProjectTemplate.HomeSpecImplementation.VerifyWelcomeMessage(String message) in c:\Projects\Playground\gauge-automation-testing\BookListing\GaugeTest\HomeSpecImplementation.cs:line 32   at Gauge.CSharp.Runner.MethodExecutor.Execute(MethodInfo method, Object[] args) in c:\Program Files (x86)\Go Agent\pipelines\Gauge-Csharp\Runner\MethodExecutor.cs:line 52
16:28:24.228 [DEBUG] Plugin [Html Report] with pid [15524] has exited
16:28:24.328 [INFO] Specifications: 	1 executed, 0 passed, 1 failed, 0 skipped
16:28:24.328 [INFO] Scenarios: 	1 executed, 0 passed, 1 failed, 0 skipped
16:28:24.328 [INFO] Total time taken: 24.098s
16:29:05.347 [INFO] Executing specification: Home
16:29:05.351 [INFO] Executing scenario: Correct text is on Home Page
16:29:05.353 [DEBUG] Executing Step: * Go to home page
16:29:13.189 [INFO] Starting ChromeDriver (v2.9.248315) on port 21337
16:29:36.285 [DEBUG] Executing Step: * I see a "Hello Gauge" message
16:29:38.980 [INFO] Starting ChromeDriver (v2.9.248315) on port 21355
16:29:52.882 [INFO] Starting ChromeDriver (v2.9.248315) on port 21367
16:29:54.222 [INFO] Starting ChromeDriver (v2.9.248315) on port 21376
16:30:18.156 [ERROR] Failed step: I see a "Hello Gauge" message
16:30:18.156 [ERROR] Error Message: no such element
  (Session info: chrome=47.0.2526.106)
  (Driver info: chromedriver=2.9.248315,platform=Windows NT 6.3 x86_64)
16:30:18.156 [ERROR] Stacktrace:    at OpenQA.Selenium.Remote.RemoteWebDriver.UnpackAndThrowOnError(Response errorResponse)
	   at OpenQA.Selenium.Remote.RemoteWebDriver.Execute(String driverCommandToExecute, Dictionary`2 parameters)
	   at OpenQA.Selenium.Remote.RemoteWebDriver.FindElement(String mechanism, String value)
	   at OpenQA.Selenium.Remote.RemoteWebDriver.FindElementById(String id)
	   at OpenQA.Selenium.By.<>c__DisplayClass2.<Id>b__0(ISearchContext context)
	   at OpenQA.Selenium.By.FindElement(ISearchContext context)
	   at OpenQA.Selenium.Remote.RemoteWebDriver.FindElement(By by)
	   at GaugeProjectTemplate.HomeSpecImplementation.VerifyWelcomeMessage(String message) in c:\Projects\Playground\gauge-automation-testing\BookListing\GaugeTest\HomeSpecImplementation.cs:line 32   at Gauge.CSharp.Runner.MethodExecutor.Execute(MethodInfo method, Object[] args) in c:\Program Files (x86)\Go Agent\pipelines\Gauge-Csharp\Runner\MethodExecutor.cs:line 52
16:30:18.262 [DEBUG] Plugin [Html Report] with pid [16092] has exited
16:30:18.363 [INFO] Specifications: 	1 executed, 0 passed, 1 failed, 0 skipped
16:30:18.363 [INFO] Scenarios: 	1 executed, 0 passed, 1 failed, 0 skipped
16:30:18.363 [INFO] Total time taken: 1m12.825s
16:30:24.404 [INFO] Executing specification: Home
16:30:24.409 [INFO] Executing scenario: Correct text is on Home Page
16:30:24.412 [DEBUG] Executing Step: * Go to home page
16:30:24.492 [INFO] Starting ChromeDriver (v2.9.248315) on port 21412
16:30:27.357 [DEBUG] Executing Step: * I see a "Hello Gauge" message
16:30:27.372 [INFO] Starting ChromeDriver (v2.9.248315) on port 21426
16:30:29.109 [ERROR] Failed step: I see a "Hello Gauge" message
16:30:29.109 [ERROR] Error Message: no such element
  (Session info: chrome=47.0.2526.106)
  (Driver info: chromedriver=2.9.248315,platform=Windows NT 6.3 x86_64)
16:30:29.109 [ERROR] Stacktrace:    at OpenQA.Selenium.Remote.RemoteWebDriver.UnpackAndThrowOnError(Response errorResponse)
	   at OpenQA.Selenium.Remote.RemoteWebDriver.Execute(String driverCommandToExecute, Dictionary`2 parameters)
	   at OpenQA.Selenium.Remote.RemoteWebDriver.FindElement(String mechanism, String value)
	   at OpenQA.Selenium.Remote.RemoteWebDriver.FindElementById(String id)
	   at OpenQA.Selenium.By.<>c__DisplayClass2.<Id>b__0(ISearchContext context)
	   at OpenQA.Selenium.By.FindElement(ISearchContext context)
	   at OpenQA.Selenium.Remote.RemoteWebDriver.FindElement(By by)
	   at GaugeProjectTemplate.HomeSpecImplementation.VerifyWelcomeMessage(String message) in c:\Projects\Playground\gauge-automation-testing\BookListing\GaugeTest\HomeSpecImplementation.cs:line 32   at Gauge.CSharp.Runner.MethodExecutor.Execute(MethodInfo method, Object[] args) in c:\Program Files (x86)\Go Agent\pipelines\Gauge-Csharp\Runner\MethodExecutor.cs:line 52
16:30:29.217 [DEBUG] Plugin [Html Report] with pid [16068] has exited
16:30:29.318 [INFO] Specifications: 	1 executed, 0 passed, 1 failed, 0 skipped
16:30:29.318 [INFO] Scenarios: 	1 executed, 0 passed, 1 failed, 0 skipped
16:30:29.318 [INFO] Total time taken: 4.723s
16:39:38.173 [INFO] Executing specification: Home
16:39:38.179 [INFO] Executing scenario: Correct text is on Home Page
16:39:38.182 [DEBUG] Executing Step: * Go to home page
16:39:38.265 [INFO] Starting ChromeDriver (v2.9.248315) on port 21594
16:39:40.745 [DEBUG] Executing Step: * I see a "Hello Gauge" message
16:39:40.758 [INFO] Starting ChromeDriver (v2.9.248315) on port 21612
16:39:57.501 [ERROR] Failed step: I see a "Hello Gauge" message
16:39:57.501 [ERROR] Error Message: no such element
  (Session info: chrome=47.0.2526.106)
  (Driver info: chromedriver=2.9.248315,platform=Windows NT 6.3 x86_64)
16:39:57.501 [ERROR] Stacktrace:    at OpenQA.Selenium.Remote.RemoteWebDriver.UnpackAndThrowOnError(Response errorResponse)
	   at OpenQA.Selenium.Remote.RemoteWebDriver.Execute(String driverCommandToExecute, Dictionary`2 parameters)
	   at OpenQA.Selenium.Remote.RemoteWebDriver.FindElement(String mechanism, String value)
	   at OpenQA.Selenium.Remote.RemoteWebDriver.FindElementById(String id)
	   at OpenQA.Selenium.By.<>c__DisplayClass2.<Id>b__0(ISearchContext context)
	   at OpenQA.Selenium.By.FindElement(ISearchContext context)
	   at OpenQA.Selenium.Remote.RemoteWebDriver.FindElement(By by)
	   at GaugeProjectTemplate.HomeSpecImplementation.VerifyWelcomeMessage(String message) in c:\Projects\Playground\gauge-automation-testing\BookListing\GaugeTest\HomeSpecImplementation.cs:line 33   at Gauge.CSharp.Runner.MethodExecutor.Execute(MethodInfo method, Object[] args) in c:\Program Files (x86)\Go Agent\pipelines\Gauge-Csharp\Runner\MethodExecutor.cs:line 52
16:39:57.608 [DEBUG] Plugin [Html Report] with pid [11368] has exited
16:39:57.709 [INFO] Specifications: 	1 executed, 0 passed, 1 failed, 0 skipped
16:39:57.709 [INFO] Scenarios: 	1 executed, 0 passed, 1 failed, 0 skipped
16:39:57.709 [INFO] Total time taken: 19.346s
16:48:51.462 [INFO] Starting ChromeDriver (v2.9.248315) on port 21851
16:48:53.059 [INFO] Executing specification: Home
16:48:53.070 [INFO] Executing scenario: Correct text is on Home Page
16:48:53.077 [DEBUG] Executing Step: * Go to home page
16:48:53.928 [DEBUG] Executing Step: * I see a "Hello Gauge" message
16:48:54.085 [ERROR] Failed step: I see a "Hello Gauge" message
16:48:54.085 [ERROR] Error Message:   Expected string length 11 but was 7. Strings differ at index 0.
  Expected: "Hello Gauge"
  But was:  "message"
  -----------^
16:48:54.085 [ERROR] Stacktrace:    at NUnit.Framework.Assert.That[TActual](TActual actual, IResolveConstraint expression, String message, Object[] args)
	   at GaugeProjectTemplate.HomeSpecImplementation.VerifyWelcomeMessage(String message) in c:\Projects\Playground\gauge-automation-testing\BookListing\GaugeTest\HomeSpecImplementation.cs:line 29   at Gauge.CSharp.Runner.MethodExecutor.Execute(MethodInfo method, Object[] args) in c:\Program Files (x86)\Go Agent\pipelines\Gauge-Csharp\Runner\MethodExecutor.cs:line 52
16:48:55.505 [DEBUG] Plugin [Html Report] with pid [15464] has exited
16:48:55.605 [INFO] Specifications: 	1 executed, 0 passed, 1 failed, 0 skipped
16:48:55.605 [INFO] Scenarios: 	1 executed, 0 passed, 1 failed, 0 skipped
16:48:55.605 [INFO] Total time taken: 4.042s
16:49:15.933 [INFO] Starting ChromeDriver (v2.9.248315) on port 21907
16:49:17.519 [INFO] Executing specification: Home
16:49:17.527 [INFO] Executing scenario: Correct text is on Home Page
16:49:17.532 [DEBUG] Executing Step: * Go to home page
16:49:18.363 [DEBUG] Executing Step: * I see a "Hello Gauge" message
16:49:18.521 [ERROR] Failed step: I see a "Hello Gauge" message
16:49:18.522 [ERROR] Error Message:   Expected string length 11 but was 7. Strings differ at index 0.
  Expected: "Hello Gauge"
  But was:  "message"
  -----------^
16:49:18.522 [ERROR] Stacktrace:    at NUnit.Framework.Assert.That[TActual](TActual actual, IResolveConstraint expression, String message, Object[] args)
	   at GaugeProjectTemplate.HomeSpecImplementation.VerifyWelcomeMessage(String message) in c:\Projects\Playground\gauge-automation-testing\BookListing\GaugeTest\HomeSpecImplementation.cs:line 29   at Gauge.CSharp.Runner.MethodExecutor.Execute(MethodInfo method, Object[] args) in c:\Program Files (x86)\Go Agent\pipelines\Gauge-Csharp\Runner\MethodExecutor.cs:line 52
16:49:19.937 [DEBUG] Plugin [Html Report] with pid [12156] has exited
16:49:20.037 [INFO] Specifications: 	1 executed, 0 passed, 1 failed, 0 skipped
16:49:20.037 [INFO] Scenarios: 	1 executed, 0 passed, 1 failed, 0 skipped
16:49:20.037 [INFO] Total time taken: 3.988s
16:49:54.614 [INFO] Starting ChromeDriver (v2.9.248315) on port 21951
16:49:56.237 [INFO] Executing specification: Home
16:49:56.244 [INFO] Executing scenario: Correct text is on Home Page
16:49:56.250 [DEBUG] Executing Step: * Go to home page
16:49:57.105 [DEBUG] Executing Step: * I see a "Hello Gauge" message
16:49:57.242 [ERROR] Failed step: I see a "Hello Gauge" message
16:49:57.242 [ERROR] Error Message:   Expected string length 11 but was 7. Strings differ at index 0.
  Expected: "Hello Gauge"
  But was:  "message"
  -----------^
16:49:57.242 [ERROR] Stacktrace:    at NUnit.Framework.Assert.That[TActual](TActual actual, IResolveConstraint expression, String message, Object[] args)
	   at GaugeProjectTemplate.HomeSpecImplementation.VerifyWelcomeMessage(String message) in c:\Projects\Playground\gauge-automation-testing\BookListing\GaugeTest\HomeSpecImplementation.cs:line 29   at Gauge.CSharp.Runner.MethodExecutor.Execute(MethodInfo method, Object[] args) in c:\Program Files (x86)\Go Agent\pipelines\Gauge-Csharp\Runner\MethodExecutor.cs:line 52
16:49:58.666 [DEBUG] Plugin [Html Report] with pid [1004] has exited
16:49:58.766 [INFO] Specifications: 	1 executed, 0 passed, 1 failed, 0 skipped
16:49:58.766 [INFO] Scenarios: 	1 executed, 0 passed, 1 failed, 0 skipped
16:49:58.766 [INFO] Total time taken: 4.03s
16:50:16.644 [INFO] Starting ChromeDriver (v2.9.248315) on port 21991
16:50:18.242 [INFO] Executing specification: Home
16:50:18.248 [INFO] Executing scenario: Correct text is on Home Page
16:50:18.252 [DEBUG] Executing Step: * Go to home page
16:50:19.478 [DEBUG] Executing Step: * I see a "Hello Gauge" message
16:50:51.014 [ERROR] Failed step: I see a "Hello Gauge" message
16:50:51.014 [ERROR] Error Message: Specified method is not supported.
16:50:51.014 [ERROR] Stacktrace:    at System.Runtime.DesignerServices.WindowsRuntimeDesignerContext..ctor(IEnumerable`1 paths, String name, Boolean designModeRequired)   at Gauge.CSharp.Runner.MethodExecutor.Execute(MethodInfo method, Object[] args) in c:\Program Files (x86)\Go Agent\pipelines\Gauge-Csharp\Runner\MethodExecutor.cs:line 52
16:50:52.427 [DEBUG] Plugin [Html Report] with pid [9844] has exited
16:50:52.527 [INFO] Specifications: 	1 executed, 0 passed, 1 failed, 0 skipped
16:50:52.527 [INFO] Scenarios: 	1 executed, 0 passed, 1 failed, 0 skipped
16:50:52.527 [INFO] Total time taken: 35.755s
16:51:02.559 [INFO] Starting ChromeDriver (v2.9.248315) on port 22045
16:51:04.135 [INFO] Executing specification: Home
16:51:04.142 [INFO] Executing scenario: Correct text is on Home Page
16:51:04.152 [DEBUG] Executing Step: * Go to home page
16:51:05.386 [DEBUG] Executing Step: * I see a "Hello Gauge" message
16:51:23.856 [DEBUG] Executing Step: * I see a "A simple app to facilitate Gauge automation testing." description
16:51:23.885 [DEBUG] Executing Step: * I see a "View Book Listing" link
16:51:39.153 [ERROR] Failed step: I see a "View Book Listing" link
16:51:39.153 [ERROR] Error Message:   Expected string length 10 but was 17. Strings differ at index 9.
  Expected: "View Books"
  But was:  "View Book Listing"
  --------------------^
16:51:39.153 [ERROR] Stacktrace:    at NUnit.Framework.Assert.That[TActual](TActual actual, IResolveConstraint expression, String message, Object[] args)
	   at NUnit.Framework.Assert.AreEqual(Object expected, Object actual)
	   at GaugeProjectTemplate.HomeSpecImplementation.VerifyLink(String linkText) in c:\Projects\Playground\gauge-automation-testing\BookListing\GaugeTest\HomeSpecImplementation.cs:line 43   at Gauge.CSharp.Runner.MethodExecutor.Execute(MethodInfo method, Object[] args) in c:\Program Files (x86)\Go Agent\pipelines\Gauge-Csharp\Runner\MethodExecutor.cs:line 52
16:51:40.564 [DEBUG] Plugin [Html Report] with pid [8252] has exited
16:51:40.664 [INFO] Specifications: 	1 executed, 0 passed, 1 failed, 0 skipped
16:51:40.664 [INFO] Scenarios: 	1 executed, 0 passed, 1 failed, 0 skipped
16:51:40.664 [INFO] Total time taken: 37.98s
16:52:27.215 [INFO] Starting ChromeDriver (v2.9.248315) on port 22117
16:52:28.789 [INFO] Executing specification: Home
16:52:28.797 [INFO] Executing scenario: Correct text is on Home Page
16:52:28.802 [DEBUG] Executing Step: * Go to home page
16:52:29.859 [DEBUG] Executing Step: * I see a "Hello Gauge" message
16:52:29.902 [DEBUG] Executing Step: * I see a "A simple app to facilitate Gauge automation testing." description
16:52:29.929 [DEBUG] Executing Step: * I see a "View Book Listing" link
16:52:31.377 [DEBUG] Plugin [Html Report] with pid [17088] has exited
16:52:31.477 [INFO] Specifications: 	1 executed, 1 passed, 0 failed, 0 skipped
16:52:31.477 [INFO] Scenarios: 	1 executed, 1 passed, 0 failed, 0 skipped
16:52:31.477 [INFO] Total time taken: 4.148s
16:52:45.506 [INFO] Build Building Project: C:\Projects\Playground\gauge-automation-testing\BookListing\GaugeTest\GaugeTest.sln
16:52:45.507 [INFO] 
16:52:45.651 [INFO] Build Success
16:52:45.651 [INFO] 
16:52:46.544 [INFO] Starting ChromeDriver (v2.9.248315) on port 22153
16:52:48.177 [INFO] Executing specification: Books
16:52:48.205 [INFO] Executing scenario: List books
16:52:48.233 [DEBUG] Executing Step: * Go to listing page
16:52:48.988 [DEBUG] Executing Step: * Check that the following books exist <table: C:/Projects/Playground/gauge-automation-testing/BookListing/books.csv> are listed
16:52:49.005 [INFO] Executing scenario: Search for a book
16:52:49.005 [DEBUG] Executing Step: * Go to listing page
16:52:49.065 [DEBUG] Executing Step: * Search for book with title "A Book"
16:52:49.067 [DEBUG] Executing Step: * The book "A Book" is listed
16:52:49.070 [INFO] Executing specification: Specification Heading
16:52:49.070 [INFO] Executing scenario: First scenario
16:52:49.071 [DEBUG] Executing Step: * A context step which gets executed before every scenario
16:52:49.071 [INFO] This is a sample context
16:52:49.072 [DEBUG] Executing Step: * Say "hello" to "gauge"
16:52:49.073 [INFO] hello, gauge!
16:52:49.074 [INFO] Executing scenario: Second scenario for the specification
16:52:49.074 [DEBUG] Executing Step: * A context step which gets executed before every scenario
16:52:49.074 [INFO] This is a sample context
16:52:49.076 [DEBUG] Executing Step: * Say "hello again" to "gauge"
16:52:49.076 [INFO] hello again, gauge!
16:52:49.077 [DEBUG] Executing Step: * Step that takes a table 
     |Product|Description                  |
     |-------|-----------------------------|
     |Gauge  |Test automation with ease    |
     |Mingle |Agile project management     |
     |Snap   |Hosted continuous integration|
     |Gocd   |Continuous delivery platform |
16:52:49.079 [INFO] Product
16:52:49.079 [INFO] Description
16:52:49.080 [INFO] Gauge|Test automation with ease
Mingle|Agile project management
Snap|Hosted continuous integration
Gocd|Continuous delivery platform
16:52:49.082 [INFO] Executing specification: Home
16:52:49.082 [INFO] Executing scenario: Correct text is on Home Page
16:52:49.082 [DEBUG] Executing Step: * Go to home page
16:52:49.126 [DEBUG] Executing Step: * I see a "Hello Gauge" message
16:52:49.168 [DEBUG] Executing Step: * I see a "A simple app to facilitate Gauge automation testing." description
16:52:49.194 [DEBUG] Executing Step: * I see a "View Book Listing" link
16:52:50.631 [DEBUG] Plugin [Html Report] with pid [2856] has exited
16:52:50.731 [INFO] Specifications: 	3 executed, 3 passed, 0 failed, 0 skipped
16:52:50.731 [INFO] Scenarios: 	5 executed, 5 passed, 0 failed, 0 skipped
16:52:50.731 [INFO] Total time taken: 4.078s
17:31:45.822 [ERROR] Validation failed. The following steps have errors
17:31:45.822 [ERROR] C:\Projects\Playground\gauge-automation-testing\BookListing\GaugeTest\specs\book_listing.spec:5: Step implementation not found. Go to View Book Listing page
17:31:45.924 [INFO] Starting ChromeDriver (v2.9.248315) on port 22977
17:31:49.170 [DEBUG] Plugin [Html Report] with pid [2308] has exited
17:31:49.270 [INFO] Specifications: 	0 executed, 0 passed, 0 failed, 1 skipped
17:31:49.270 [INFO] Scenarios: 	0 executed, 0 passed, 0 failed, 1 skipped
17:31:49.270 [INFO] Total time taken: 3.235s
09:20:50.024 [INFO] Build Building Project: C:\Projects\Playground\gauge-automation-testing\BookListing\GaugeTest\GaugeTest.sln
09:20:50.024 [INFO] 
09:20:50.239 [INFO] Build Success
09:20:50.239 [INFO] 
09:23:00.401 [INFO] Starting ChromeDriver (v2.9.248315) on port 25475
09:23:01.981 [INFO] Executing specification: Book Listing
09:23:01.987 [INFO] Executing scenario: Search for a book (containing letters)
09:23:01.990 [DEBUG] Executing Step: * Go to View Book Listing page
09:23:05.258 [DEBUG] Executing Step: * Search for book with title "m"
09:23:05.378 [DEBUG] Executing Step: * The book "Medalon" is listed
09:23:05.524 [DEBUG] Executing Step: * The book "Something Cheesy" is listed
09:23:06.995 [DEBUG] Plugin [Html Report] with pid [6076] has exited
09:23:07.096 [INFO] Specifications: 	1 executed, 1 passed, 0 failed, 0 skipped
09:23:07.096 [INFO] Scenarios: 	1 executed, 1 passed, 0 failed, 0 skipped
09:23:07.096 [INFO] Total time taken: 8.359s
09:23:13.475 [INFO] Starting ChromeDriver (v2.9.248315) on port 25528
09:23:15.013 [INFO] Executing specification: Book Listing
09:23:15.021 [INFO] Executing scenario: Search for a book (empty search)
09:23:15.026 [DEBUG] Executing Step: * Go to View Book Listing page
09:23:16.325 [DEBUG] Executing Step: * Search for book with title ""
09:23:16.414 [DEBUG] Executing Step: * The book "Medalon" is listed
09:23:16.594 [DEBUG] Executing Step: * The book "Sharp Objects" is listed
09:23:16.670 [DEBUG] Executing Step: * The book "Something Cheesy" is listed
09:23:18.143 [DEBUG] Plugin [Html Report] with pid [16540] has exited
09:23:18.243 [INFO] Specifications: 	1 executed, 1 passed, 0 failed, 0 skipped
09:23:18.243 [INFO] Scenarios: 	1 executed, 1 passed, 0 failed, 0 skipped
09:23:18.243 [INFO] Total time taken: 5.403s
09:23:27.642 [INFO] Starting ChromeDriver (v2.9.248315) on port 25585
09:23:29.219 [INFO] Executing specification: Book Listing
09:23:29.227 [INFO] Executing scenario: Search for a book (exact match)
09:23:29.233 [DEBUG] Executing Step: * Go to View Book Listing page
09:23:30.537 [DEBUG] Executing Step: * Search for book with title "Medalon"
09:23:30.644 [DEBUG] Executing Step: * The book "Medalon" is listed
09:23:32.202 [DEBUG] Plugin [Html Report] with pid [18368] has exited
09:23:32.302 [INFO] Specifications: 	1 executed, 1 passed, 0 failed, 0 skipped
09:23:32.302 [INFO] Scenarios: 	1 executed, 1 passed, 0 failed, 0 skipped
09:23:32.302 [INFO] Total time taken: 4.545s
09:24:05.091 [INFO] Starting ChromeDriver (v2.9.248315) on port 25639
09:24:06.631 [INFO] Executing specification: Landing Page
09:24:06.639 [INFO] Executing scenario: Correct text is on Landing Page
09:24:06.644 [DEBUG] Executing Step: * Go to home page
09:24:07.988 [DEBUG] Executing Step: * I see a "Hello Gauge" message
09:24:08.031 [DEBUG] Executing Step: * I see a "A simple app to facilitate Gauge automation testing." description
09:24:08.057 [DEBUG] Executing Step: * I see a "View Book Listing" link
09:24:09.505 [DEBUG] Plugin [Html Report] with pid [7592] has exited
09:24:09.606 [INFO] Specifications: 	1 executed, 1 passed, 0 failed, 0 skipped
09:24:09.606 [INFO] Scenarios: 	1 executed, 1 passed, 0 failed, 0 skipped
09:24:09.606 [INFO] Total time taken: 4.4s
09:24:54.225 [INFO] Starting ChromeDriver (v2.9.248315) on port 25680
09:24:55.763 [INFO] Executing specification: Book Listing
09:24:55.771 [INFO] Executing scenario: View book listing
09:24:55.776 [DEBUG] Executing Step: * Go to View Book Listing page
09:24:56.663 [DEBUG] Executing Step: * Check that the following books are listed <table: C:/Projects/Playground/gauge-automation-testing/BookListing/books.csv>
09:24:58.724 [DEBUG] Plugin [Html Report] with pid [1188] has exited
09:24:58.824 [INFO] Specifications: 	1 executed, 1 passed, 0 failed, 0 skipped
09:24:58.824 [INFO] Scenarios: 	1 executed, 1 passed, 0 failed, 0 skipped
09:24:58.824 [INFO] Total time taken: 4.486s
09:25:39.356 [INFO] Starting ChromeDriver (v2.9.248315) on port 25785
09:25:40.916 [INFO] Executing specification: Book Listing
09:25:40.929 [INFO] Executing scenario: View book listing
09:25:40.933 [DEBUG] Executing Step: * Go to View Book Listing page
09:25:41.800 [DEBUG] Executing Step: * Check that the following books are listed <table: C:/Projects/Playground/gauge-automation-testing/BookListing/books.csv>
09:25:43.917 [DEBUG] Plugin [Html Report] with pid [17532] has exited
09:25:44.018 [INFO] Specifications: 	1 executed, 1 passed, 0 failed, 0 skipped
09:25:44.018 [INFO] Scenarios: 	1 executed, 1 passed, 0 failed, 0 skipped
09:25:44.018 [INFO] Total time taken: 4.547s
09:26:23.259 [INFO] Starting ChromeDriver (v2.9.248315) on port 25889
09:26:24.861 [INFO] Executing specification: Book Listing
09:26:24.867 [INFO] Executing scenario: View book listing
09:26:24.872 [DEBUG] Executing Step: * Go to View Book Listing page
09:26:25.717 [DEBUG] Executing Step: * Check that the following books are listed <table: C:/Projects/Playground/gauge-automation-testing/BookListing/books.csv>
09:53:16.548 [ERROR] Failed step: Check that the following books are listed <table: C:/Projects/Playground/gauge-automation-testing/BookListing/books.csv>
09:53:16.548 [ERROR] Error Message: Cannot load type 'Gauge.CSharp.Runner.ISandbox, Gauge.CSharp.Runner, Version=0.7.0.0, Culture=neutral, PublicKeyToken=null'.
09:53:16.548 [ERROR] Stacktrace: 
	Server stack trace: 
	   at System.Runtime.Remoting.Messaging.MethodCall.ResolveMethod(Boolean bThrowIfNotResolved)
	   at System.Runtime.Remoting.Messaging.MethodCall..ctor(SmuggledMethodCallMessage smuggledMsg, ArrayList deserializedArgs)
	   at System.Runtime.Remoting.Channels.CrossAppDomainSink.DoDispatch(Byte[] reqStmBuff, SmuggledMethodCallMessage smuggledMcm, SmuggledMethodReturnMessage& smuggledMrm)
	   at System.Runtime.Remoting.Channels.CrossAppDomainSink.DoTransitionDispatchCallback(Object[] args)
	
	Exception rethrown at [0]: 
	   at System.Runtime.Remoting.Proxies.RealProxy.HandleReturnMessage(IMessage reqMsg, IMessage retMsg)
	   at System.Runtime.Remoting.Proxies.RealProxy.PrivateInvoke(MessageData& msgData, Int32 type)
	   at Gauge.CSharp.Runner.ISandbox.GetAllPendingMessages()
	   at Gauge.CSharp.Runner.MethodExecutor.Execute(MethodInfo method, Object[] args) in c:\Program Files (x86)\Go Agent\pipelines\Gauge-Csharp\Runner\MethodExecutor.cs:line 61
09:53:16.554 [ERROR] Error Message: Cannot load type 'Gauge.CSharp.Runner.ISandbox, Gauge.CSharp.Runner, Version=0.7.0.0, Culture=neutral, PublicKeyToken=null'.
09:53:16.554 [ERROR] Stacktrace: 
	Server stack trace: 
	   at System.Runtime.Remoting.Messaging.MethodCall.ResolveMethod(Boolean bThrowIfNotResolved)
	   at System.Runtime.Remoting.Messaging.MethodCall..ctor(SmuggledMethodCallMessage smuggledMsg, ArrayList deserializedArgs)
	   at System.Runtime.Remoting.Channels.CrossAppDomainSink.DoDispatch(Byte[] reqStmBuff, SmuggledMethodCallMessage smuggledMcm, SmuggledMethodReturnMessage& smuggledMrm)
	   at System.Runtime.Remoting.Channels.CrossAppDomainSink.DoTransitionDispatchCallback(Object[] args)
	
	Exception rethrown at [0]: 
	   at System.Runtime.Remoting.Proxies.RealProxy.HandleReturnMessage(IMessage reqMsg, IMessage retMsg)
	   at System.Runtime.Remoting.Proxies.RealProxy.PrivateInvoke(MessageData& msgData, Int32 type)
	   at Gauge.CSharp.Runner.ISandbox.GetAllPendingMessages()
	   at Gauge.CSharp.Runner.MethodExecutor.Execute(MethodInfo method, Object[] args) in c:\Program Files (x86)\Go Agent\pipelines\Gauge-Csharp\Runner\MethodExecutor.cs:line 61
09:53:16.655 [DEBUG] Plugin [Html Report] with pid [16164] has exited
09:53:16.755 [INFO] Specifications: 	1 executed, 0 passed, 1 failed, 0 skipped
09:53:16.755 [INFO] Scenarios: 	1 executed, 0 passed, 1 failed, 0 skipped
09:53:16.755 [INFO] Total time taken: 26m53.373s
09:53:40.196 [INFO] Starting ChromeDriver (v2.9.248315) on port 26843
09:53:42.250 [INFO] Executing specification: Book Listing
09:53:42.255 [INFO] Executing scenario: View book listing
09:53:42.258 [DEBUG] Executing Step: * Go to View Book Listing page
09:53:43.363 [DEBUG] Executing Step: * Check that the following books are listed <table: C:/Projects/Playground/gauge-automation-testing/BookListing/books.csv>
09:53:45.508 [DEBUG] Plugin [Html Report] with pid [6860] has exited
09:53:45.608 [INFO] Specifications: 	1 executed, 1 passed, 0 failed, 0 skipped
09:53:45.608 [INFO] Scenarios: 	1 executed, 1 passed, 0 failed, 0 skipped
09:53:45.608 [INFO] Total time taken: 5.296s
09:53:57.799 [INFO] Starting ChromeDriver (v2.9.248315) on port 26925
09:53:59.422 [INFO] Executing specification: Book Listing
09:53:59.429 [INFO] Executing scenario: View book listing
09:53:59.433 [DEBUG] Executing Step: * Go to View Book Listing page
09:54:00.329 [DEBUG] Executing Step: * Check that the following books are listed <table: C:/Projects/Playground/gauge-automation-testing/BookListing/books.csv>
09:54:02.463 [DEBUG] Plugin [Html Report] with pid [10448] has exited
09:54:02.563 [INFO] Specifications: 	1 executed, 1 passed, 0 failed, 0 skipped
09:54:02.563 [INFO] Scenarios: 	1 executed, 1 passed, 0 failed, 0 skipped
09:54:02.563 [INFO] Total time taken: 4.641s
09:54:29.523 [INFO] Starting ChromeDriver (v2.9.248315) on port 27016
09:54:31.133 [INFO] Executing specification: Book Listing
09:54:31.139 [INFO] Executing scenario: View book listing
09:54:31.145 [DEBUG] Executing Step: * Go to View Book Listing page
09:54:32.027 [DEBUG] Executing Step: * Check that the following books are listed <table: C:/Projects/Playground/gauge-automation-testing/BookListing/books.csv>
09:54:34.124 [DEBUG] Plugin [Html Report] with pid [10268] has exited
09:54:34.224 [INFO] Specifications: 	1 executed, 1 passed, 0 failed, 0 skipped
09:54:34.224 [INFO] Scenarios: 	1 executed, 1 passed, 0 failed, 0 skipped
09:54:34.224 [INFO] Total time taken: 4.575s
09:54:46.556 [INFO] Starting ChromeDriver (v2.9.248315) on port 27098
09:54:48.114 [INFO] Executing specification: Book Listing
09:54:48.123 [INFO] Executing scenario: View book listing
09:54:48.127 [DEBUG] Executing Step: * Go to View Book Listing page
09:54:48.995 [DEBUG] Executing Step: * Check that the following books are listed <table: C:/Projects/Playground/gauge-automation-testing/BookListing/books.csv>
09:54:51.200 [DEBUG] Plugin [Html Report] with pid [13132] has exited
09:54:51.300 [INFO] Specifications: 	1 executed, 1 passed, 0 failed, 0 skipped
09:54:51.300 [INFO] Scenarios: 	1 executed, 1 passed, 0 failed, 0 skipped
09:54:51.300 [INFO] Total time taken: 4.618s
09:55:05.834 [INFO] Starting ChromeDriver (v2.9.248315) on port 27177
09:55:07.436 [INFO] Executing specification: Book Listing
09:55:07.448 [INFO] Executing scenario: View book listing
09:55:07.451 [DEBUG] Executing Step: * Go to View Book Listing page
09:55:08.318 [DEBUG] Executing Step: * Check that the following books are listed <table: C:/Projects/Playground/gauge-automation-testing/BookListing/books.csv>
09:55:10.553 [DEBUG] Plugin [Html Report] with pid [12704] has exited
09:55:10.653 [INFO] Specifications: 	1 executed, 1 passed, 0 failed, 0 skipped
09:55:10.653 [INFO] Scenarios: 	1 executed, 1 passed, 0 failed, 0 skipped
09:55:10.653 [INFO] Total time taken: 4.696s
09:55:23.965 [INFO] Starting ChromeDriver (v2.9.248315) on port 27253
09:55:25.577 [INFO] Executing specification: Book Listing
09:55:25.583 [INFO] Executing scenario: View book listing
09:55:25.586 [DEBUG] Executing Step: * Go to View Book Listing page
09:55:26.471 [DEBUG] Executing Step: * Check that the following books are listed <table: C:/Projects/Playground/gauge-automation-testing/BookListing/books.csv>
10:00:20.145 [DEBUG] Plugin [Html Report] with pid [13608] has exited
10:00:20.245 [INFO] Specifications: 	1 executed, 1 passed, 0 failed, 0 skipped
10:00:20.245 [INFO] Scenarios: 	1 executed, 1 passed, 0 failed, 0 skipped
10:00:20.245 [INFO] Total time taken: 4m56.154s
10:01:12.534 [INFO] Starting ChromeDriver (v2.9.248315) on port 27540
10:01:14.148 [INFO] Executing specification: Book Listing
10:01:14.155 [INFO] Executing scenario: View book listing
10:01:14.159 [DEBUG] Executing Step: * Go to View Book Listing page
10:01:15.020 [DEBUG] Executing Step: * Check that the following books are listed <table: C:/Projects/Playground/gauge-automation-testing/BookListing/books.csv>
10:01:16.444 [DEBUG] Plugin [Html Report] with pid [3472] has exited
10:01:16.545 [INFO] Specifications: 	1 executed, 1 passed, 0 failed, 0 skipped
10:01:16.545 [INFO] Scenarios: 	1 executed, 1 passed, 0 failed, 0 skipped
10:01:16.545 [INFO] Total time taken: 3.885s
10:01:55.097 [INFO] Starting ChromeDriver (v2.9.248315) on port 27573
10:01:56.682 [INFO] Executing specification: Book Listing
10:01:56.690 [INFO] Executing scenario: View book listing
10:01:56.694 [DEBUG] Executing Step: * Go to View Book Listing page
10:01:57.556 [DEBUG] Executing Step: * Check that the following books are listed <table: C:/Projects/Playground/gauge-automation-testing/BookListing/books.csv>
10:01:58.981 [DEBUG] Plugin [Html Report] with pid [13772] has exited
10:01:59.081 [INFO] Specifications: 	1 executed, 1 passed, 0 failed, 0 skipped
10:01:59.081 [INFO] Scenarios: 	1 executed, 1 passed, 0 failed, 0 skipped
10:01:59.081 [INFO] Total time taken: 3.857s
10:02:12.089 [INFO] Starting ChromeDriver (v2.9.248315) on port 27614
10:02:13.673 [INFO] Executing specification: Book Listing
10:02:13.678 [INFO] Executing scenario: View book listing
10:02:13.683 [DEBUG] Executing Step: * Go to View Book Listing page
10:02:14.565 [DEBUG] Executing Step: * Check that the following books are listed <table: C:/Projects/Playground/gauge-automation-testing/BookListing/books.csv>
10:03:43.168 [DEBUG] Plugin [Html Report] with pid [15208] has exited
10:03:43.268 [INFO] Specifications: 	1 executed, 1 passed, 0 failed, 0 skipped
10:03:43.268 [INFO] Scenarios: 	1 executed, 1 passed, 0 failed, 0 skipped
10:03:43.268 [INFO] Total time taken: 1m31.052s
10:04:48.428 [INFO] Starting ChromeDriver (v2.9.248315) on port 27684
10:04:50.033 [INFO] Executing specification: Book Listing
10:04:50.039 [INFO] Executing scenario: View book listing
10:04:50.043 [DEBUG] Executing Step: * Go to View Book Listing page
10:04:51.335 [DEBUG] Executing Step: * Check that the following books are listed <table: C:/Projects/Playground/gauge-automation-testing/BookListing/books.csv>
10:05:01.393 [DEBUG] Plugin [Html Report] with pid [17456] has exited
10:05:01.493 [INFO] Specifications: 	1 executed, 1 passed, 0 failed, 0 skipped
10:05:01.493 [INFO] Scenarios: 	1 executed, 1 passed, 0 failed, 0 skipped
10:05:01.493 [INFO] Total time taken: 12.94s
10:05:09.365 [INFO] Starting ChromeDriver (v2.9.248315) on port 27733
10:05:10.982 [INFO] Executing specification: Book Listing
10:05:10.988 [INFO] Executing scenario: View book listing
10:05:10.993 [DEBUG] Executing Step: * Go to View Book Listing page
10:05:12.270 [DEBUG] Executing Step: * Check that the following books are listed <table: C:/Projects/Playground/gauge-automation-testing/BookListing/books.csv>
10:05:14.456 [DEBUG] Plugin [Html Report] with pid [17780] has exited
10:05:14.557 [INFO] Specifications: 	1 executed, 1 passed, 0 failed, 0 skipped
10:05:14.557 [INFO] Scenarios: 	1 executed, 1 passed, 0 failed, 0 skipped
10:05:14.557 [INFO] Total time taken: 5.066s
10:05:59.259 [INFO] Starting ChromeDriver (v2.9.248315) on port 27789
10:06:00.858 [INFO] Executing specification: Book Listing
10:06:00.863 [INFO] Executing scenario: View book listing
10:06:00.867 [DEBUG] Executing Step: * Go to View Book Listing page
10:06:02.141 [DEBUG] Executing Step: * Check that the following books are listed <table: C:/Projects/Playground/gauge-automation-testing/BookListing/books.csv>
10:06:03.569 [DEBUG] Plugin [Html Report] with pid [18456] has exited
10:06:03.670 [INFO] Specifications: 	1 executed, 1 passed, 0 failed, 0 skipped
10:06:03.670 [INFO] Scenarios: 	1 executed, 1 passed, 0 failed, 0 skipped
10:06:03.670 [INFO] Total time taken: 4.285s
10:06:14.101 [INFO] Starting ChromeDriver (v2.9.248315) on port 27827
10:06:15.680 [INFO] Executing specification: Book Listing
10:06:15.686 [INFO] Executing scenario: View book listing
10:06:15.689 [DEBUG] Executing Step: * Go to View Book Listing page
10:06:16.991 [DEBUG] Executing Step: * Check that the following books are listed <table: C:/Projects/Playground/gauge-automation-testing/BookListing/books.csv>
10:07:53.764 [DEBUG] Plugin [Html Report] with pid [15664] has exited
10:07:53.864 [INFO] Specifications: 	1 executed, 1 passed, 0 failed, 0 skipped
10:07:53.864 [INFO] Scenarios: 	1 executed, 1 passed, 0 failed, 0 skipped
10:07:53.864 [INFO] Total time taken: 1m39.638s
10:16:10.395 [INFO] Starting ChromeDriver (v2.9.248315) on port 28017
10:16:14.899 [INFO] Executing specification: Book Listing
10:16:14.902 [INFO] Executing scenario: View book listing
10:16:14.905 [DEBUG] Executing Step: * Go to View Book Listing page
10:16:15.330 [DEBUG] Executing Step: * Check that the following books are listed <table: C:/Projects/Playground/gauge-automation-testing/BookListing/books.csv>
10:17:20.922 [DEBUG] Plugin [Html Report] with pid [16684] has exited
10:17:21.022 [INFO] Specifications: 	1 executed, 1 passed, 0 failed, 0 skipped
10:17:21.022 [INFO] Scenarios: 	1 executed, 1 passed, 0 failed, 0 skipped
10:17:21.022 [INFO] Total time taken: 1m10.503s
10:18:11.081 [INFO] Starting ChromeDriver (v2.9.248315) on port 28146
10:18:12.706 [INFO] Executing specification: Book Listing
10:18:12.713 [INFO] Executing scenario: View book listing
10:18:12.717 [DEBUG] Executing Step: * Go to View Book Listing page
10:18:13.622 [DEBUG] Executing Step: * Check that the following books are listed <table: C:/Projects/Playground/gauge-automation-testing/BookListing/books.csv>
10:22:02.265 [DEBUG] Plugin [Html Report] with pid [6708] has exited
10:22:02.366 [INFO] Specifications: 	1 executed, 1 passed, 0 failed, 0 skipped
10:22:02.366 [INFO] Scenarios: 	1 executed, 1 passed, 0 failed, 0 skipped
10:22:02.366 [INFO] Total time taken: 3m51.16s
10:22:47.758 [INFO] Starting ChromeDriver (v2.9.248315) on port 28332
10:22:49.401 [INFO] Executing specification: Book Listing
10:22:49.408 [INFO] Executing scenario: View book listing
10:22:49.413 [DEBUG] Executing Step: * Go to View Book Listing page
10:22:50.311 [DEBUG] Executing Step: * Check that the following books are listed <table: C:/Projects/Playground/gauge-automation-testing/BookListing/books.csv>
10:23:47.315 [DEBUG] Plugin [Html Report] with pid [12372] has exited
10:23:47.415 [INFO] Specifications: 	1 executed, 1 passed, 0 failed, 0 skipped
10:23:47.415 [INFO] Scenarios: 	1 executed, 1 passed, 0 failed, 0 skipped
10:23:47.415 [INFO] Total time taken: 59.535s
10:24:16.619 [INFO] Starting ChromeDriver (v2.9.248315) on port 28458
10:24:18.200 [INFO] Executing specification: Book Listing
10:24:18.207 [INFO] Executing scenario: View book listing
10:24:18.211 [DEBUG] Executing Step: * Go to View Book Listing page
10:24:19.102 [DEBUG] Executing Step: * Check that the following books are listed <table: C:/Projects/Playground/gauge-automation-testing/BookListing/books.csv>
10:24:25.429 [ERROR] Failed step: Check that the following books are listed <table: C:/Projects/Playground/gauge-automation-testing/BookListing/books.csv>
10:24:25.429 [ERROR] Error Message: A exception with a null response was thrown sending an HTTP request to the remote WebDriver server for URL http://localhost:28458/session/6dbf3bf461bd68a12e0ce90531f6385e/element/0.4138730959966779-1/value. The status of the exception was ReceiveFailure, and the message was: The underlying connection was closed: An unexpected error occurred on a receive.
10:24:25.429 [ERROR] Stacktrace:    at OpenQA.Selenium.Remote.HttpCommandExecutor.CreateResponse(WebRequest request)
	   at OpenQA.Selenium.Remote.HttpCommandExecutor.Execute(Command commandToExecute)
	   at OpenQA.Selenium.Remote.DriverServiceCommandExecutor.Execute(Command commandToExecute)
	   at OpenQA.Selenium.Remote.RemoteWebDriver.Execute(String driverCommandToExecute, Dictionary`2 parameters)
	   at OpenQA.Selenium.Remote.RemoteWebDriver.InternalExecute(String driverCommandToExecute, Dictionary`2 parameters)
	   at OpenQA.Selenium.Remote.RemoteWebElement.Execute(String commandToExecute, Dictionary`2 parameters)
	   at OpenQA.Selenium.Remote.RemoteWebElement.SendKeys(String text)
	   at GaugeProjectTemplate.BookListingSpecImplementation.SearchBook(String title) in c:\Projects\Playground\gauge-automation-testing\BookListing\GaugeTest\BookListingSpecImplementation.cs:line 43
	   at GaugeProjectTemplate.BookListingSpecImplementation.ListBooks(Table table) in c:\Projects\Playground\gauge-automation-testing\BookListing\GaugeTest\BookListingSpecImplementation.cs:line 33   at Gauge.CSharp.Runner.MethodExecutor.Execute(MethodInfo method, Object[] args) in c:\Program Files (x86)\Go Agent\pipelines\Gauge-Csharp\Runner\MethodExecutor.cs:line 52
10:24:27.845 [DEBUG] Plugin [Html Report] with pid [4940] has exited
10:24:27.947 [INFO] Specifications: 	1 executed, 0 passed, 1 failed, 0 skipped
10:24:27.947 [INFO] Scenarios: 	1 executed, 0 passed, 1 failed, 0 skipped
10:24:27.947 [INFO] Total time taken: 11.201s
10:25:22.093 [INFO] Starting ChromeDriver (v2.9.248315) on port 28523
10:25:24.136 [INFO] Executing specification: Book Listing
10:25:24.139 [INFO] Executing scenario: View book listing
10:25:24.142 [DEBUG] Executing Step: * Go to View Book Listing page
10:25:24.948 [DEBUG] Executing Step: * Check that the following books are listed <table: C:/Projects/Playground/gauge-automation-testing/BookListing/books.csv>
10:25:27.105 [DEBUG] Plugin [Html Report] with pid [16212] has exited
10:25:27.205 [INFO] Specifications: 	1 executed, 1 passed, 0 failed, 0 skipped
10:25:27.205 [INFO] Scenarios: 	1 executed, 1 passed, 0 failed, 0 skipped
10:25:27.205 [INFO] Total time taken: 4.987s
10:25:55.939 [INFO] Starting ChromeDriver (v2.9.248315) on port 28600
10:25:57.551 [INFO] Executing specification: Book Listing
10:25:57.558 [INFO] Executing scenario: View book listing
10:25:57.562 [DEBUG] Executing Step: * Go to View Book Listing page
10:25:58.840 [DEBUG] Executing Step: * Check that the following books are listed <table: C:/Projects/Playground/gauge-automation-testing/GaugeTest/bookData.csv>
10:26:53.874 [INFO] Starting ChromeDriver (v2.9.248315) on port 28690
10:26:55.499 [INFO] Executing specification: Book Listing
10:26:55.505 [INFO] Executing scenario: View book listing
10:26:55.510 [DEBUG] Executing Step: * Go to View Book Listing page
10:26:56.775 [DEBUG] Executing Step: * Check that the following books are listed <table: C:/Projects/Playground/gauge-automation-testing/GaugeTest/bookData.csv>
10:27:09.364 [DEBUG] Plugin [Html Report] with pid [18232] has exited
10:27:09.464 [INFO] Specifications: 	1 executed, 1 passed, 0 failed, 0 skipped
10:27:09.464 [INFO] Scenarios: 	1 executed, 1 passed, 0 failed, 0 skipped
10:27:09.464 [INFO] Total time taken: 1m13.4s
10:28:03.251 [DEBUG] Plugin [Html Report] with pid [19060] has exited
10:28:03.352 [INFO] Specifications: 	1 executed, 1 passed, 0 failed, 0 skipped
10:28:03.352 [INFO] Scenarios: 	1 executed, 1 passed, 0 failed, 0 skipped
10:28:03.352 [INFO] Total time taken: 1m9.354s
10:28:39.574 [INFO] Starting ChromeDriver (v2.9.248315) on port 28801
10:28:41.140 [INFO] Executing specification: Book Listing
10:28:41.148 [INFO] Executing scenario: View book listing
10:28:41.154 [DEBUG] Executing Step: * Go to View Book Listing page
10:28:42.028 [DEBUG] Executing Step: * Check that the following books are listed <table: C:/Projects/Playground/gauge-automation-testing/GaugeTest/bookData.csv>
10:29:46.553 [INFO] Starting ChromeDriver (v2.9.248315) on port 28882
10:29:48.364 [INFO] Executing specification: Book Listing
10:29:48.373 [INFO] Executing scenario: View book listing
10:29:48.378 [DEBUG] Executing Step: * Go to View Book Listing page
10:29:48.391 [DEBUG] Plugin [Html Report] with pid [15716] has exited
10:29:48.492 [INFO] Specifications: 	1 executed, 1 passed, 0 failed, 0 skipped
10:29:48.492 [INFO] Scenarios: 	1 executed, 1 passed, 0 failed, 0 skipped
10:29:48.492 [INFO] Total time taken: 1m8.79s
10:29:49.014 [DEBUG] Executing Step: * Check that the following books are listed <table: C:/Projects/Playground/gauge-automation-testing/GaugeTest/bookData.csv>
10:30:00.253 [ERROR] Failed step: Check that the following books are listed <table: C:/Projects/Playground/gauge-automation-testing/GaugeTest/bookData.csv>
10:30:00.253 [ERROR] Error Message: Specified method is not supported.
10:30:00.253 [ERROR] Stacktrace:    at System.Runtime.DesignerServices.WindowsRuntimeDesignerContext..ctor(IEnumerable`1 paths, String name, Boolean designModeRequired)   at Gauge.CSharp.Runner.MethodExecutor.Execute(MethodInfo method, Object[] args) in c:\Program Files (x86)\Go Agent\pipelines\Gauge-Csharp\Runner\MethodExecutor.cs:line 52
10:30:01.321 [ERROR] Error Message: chrome not reachable
  (Session info: chrome=47.0.2526.106)
  (Driver info: chromedriver=2.9.248315,platform=Windows NT 6.3 x86_64) (100)
10:30:01.321 [ERROR] Stacktrace:    at OpenQA.Selenium.Remote.RemoteWebDriver.UnpackAndThrowOnError(Response errorResponse)
	   at OpenQA.Selenium.Remote.RemoteWebDriver.Execute(String driverCommandToExecute, Dictionary`2 parameters)
	   at OpenQA.Selenium.Remote.RemoteWebDriver.Close()
	   at GaugeProjectTemplate.DriverFactory.TearDown() in c:\Projects\Playground\gauge-automation-testing\BookListing\GaugeTest\DriverFactory.cs:line 30   at Gauge.CSharp.Runner.MethodExecutor.Execute(MethodInfo method, Object[] args) in c:\Program Files (x86)\Go Agent\pipelines\Gauge-Csharp\Runner\MethodExecutor.cs:line 52
10:30:01.423 [DEBUG] Plugin [Html Report] with pid [17648] has exited
10:30:01.523 [INFO] Specifications: 	1 executed, 0 passed, 1 failed, 0 skipped
10:30:01.523 [INFO] Scenarios: 	1 executed, 0 passed, 1 failed, 0 skipped
10:30:01.523 [INFO] Total time taken: 14.851s
10:30:46.692 [INFO] Starting ChromeDriver (v2.9.248315) on port 28949
10:30:48.247 [INFO] Executing specification: Book Listing
10:30:48.253 [INFO] Executing scenario: View book listing
10:30:48.258 [DEBUG] Executing Step: * Go to View Book Listing page
10:30:49.135 [DEBUG] Executing Step: * Check that the following books are listed <table: C:/Projects/Playground/gauge-automation-testing/GaugeTest/bookData.csv>
10:31:36.037 [DEBUG] Plugin [Html Report] with pid [14776] has exited
10:31:36.137 [INFO] Specifications: 	1 executed, 1 passed, 0 failed, 0 skipped
10:31:36.137 [INFO] Scenarios: 	1 executed, 1 passed, 0 failed, 0 skipped
10:31:36.137 [INFO] Total time taken: 49.32s
10:32:03.329 [INFO] Starting ChromeDriver (v2.9.248315) on port 29030
10:32:04.929 [INFO] Executing specification: Book Listing
10:32:04.935 [INFO] Executing scenario: View book listing
10:32:04.940 [DEBUG] Executing Step: * Go to View Book Listing page
10:32:15.426 [DEBUG] Executing Step: * Check that the following books are listed <table: C:/Projects/Playground/gauge-automation-testing/GaugeTest/bookData.csv>
10:34:29.134 [DEBUG] Plugin [Html Report] with pid [11888] has exited
10:34:29.234 [INFO] Specifications: 	1 executed, 1 passed, 0 failed, 0 skipped
10:34:29.234 [INFO] Scenarios: 	1 executed, 1 passed, 0 failed, 0 skipped
10:34:29.234 [INFO] Total time taken: 2m25.792s
10:36:28.125 [INFO] Starting ChromeDriver (v2.9.248315) on port 29206
10:36:29.739 [INFO] Executing specification: Book Listing
10:36:29.744 [INFO] Executing scenario: View book listing
10:36:29.749 [DEBUG] Executing Step: * Go to View Book Listing page
10:36:37.858 [DEBUG] Executing Step: * Check that the following books are listed <table: C:/Projects/Playground/gauge-automation-testing/GaugeTest/bookData.csv>
10:36:44.130 [INFO] Starting ChromeDriver (v2.9.248315) on port 29287
10:36:45.700 [INFO] Executing specification: Book Listing
10:36:45.705 [INFO] Executing scenario: View book listing
10:36:45.710 [DEBUG] Executing Step: * Go to View Book Listing page
10:36:47.887 [ERROR] Failed step: Check that the following books are listed <table: C:/Projects/Playground/gauge-automation-testing/GaugeTest/bookData.csv>
10:36:47.887 [ERROR] Error Message: Object reference not set to an instance of an object.
10:36:47.887 [ERROR] Stacktrace:    at OpenQA.Selenium.Remote.RemoteWebDriver.GetElementsFromResponse(Response response)
	   at OpenQA.Selenium.Remote.RemoteWebDriver.FindElements(String mechanism, String value)
	   at OpenQA.Selenium.Remote.RemoteWebDriver.FindElementsByTagName(String tagName)
	   at OpenQA.Selenium.By.<>c__DisplayClass1a.<TagName>b__19(ISearchContext context)
	   at OpenQA.Selenium.By.FindElements(ISearchContext context)
	   at OpenQA.Selenium.Remote.RemoteWebDriver.FindElements(By by)
	   at GaugeProjectTemplate.BookListingSpecImplementation.VerifyBookIsListed(String title) in c:\Projects\Playground\gauge-automation-testing\BookListing\GaugeTest\BookListingSpecImplementation.cs:line 49
	   at GaugeProjectTemplate.BookListingSpecImplementation.ListBooks(Table table) in c:\Projects\Playground\gauge-automation-testing\BookListing\GaugeTest\BookListingSpecImplementation.cs:line 34   at Gauge.CSharp.Runner.MethodExecutor.Execute(MethodInfo method, Object[] args) in c:\Program Files (x86)\Go Agent\pipelines\Gauge-Csharp\Runner\MethodExecutor.cs:line 52
10:36:48.967 [ERROR] Error Message: chrome not reachable
  (Session info: chrome=47.0.2526.106)
  (Driver info: chromedriver=2.9.248315,platform=Windows NT 6.3 x86_64) (100)
10:36:48.967 [ERROR] Stacktrace:    at OpenQA.Selenium.Remote.RemoteWebDriver.UnpackAndThrowOnError(Response errorResponse)
	   at OpenQA.Selenium.Remote.RemoteWebDriver.Execute(String driverCommandToExecute, Dictionary`2 parameters)
	   at OpenQA.Selenium.Remote.RemoteWebDriver.Close()
	   at GaugeProjectTemplate.DriverFactory.TearDown() in c:\Projects\Playground\gauge-automation-testing\BookListing\GaugeTest\DriverFactory.cs:line 30   at Gauge.CSharp.Runner.MethodExecutor.Execute(MethodInfo method, Object[] args) in c:\Program Files (x86)\Go Agent\pipelines\Gauge-Csharp\Runner\MethodExecutor.cs:line 52
10:36:49.070 [DEBUG] Plugin [Html Report] with pid [18072] has exited
10:36:49.170 [INFO] Specifications: 	1 executed, 0 passed, 1 failed, 0 skipped
10:36:49.170 [INFO] Scenarios: 	1 executed, 0 passed, 1 failed, 0 skipped
10:36:49.170 [INFO] Total time taken: 20.917s
10:36:53.048 [DEBUG] Executing Step: * Check that the following books are listed <table: C:/Projects/Playground/gauge-automation-testing/GaugeTest/bookData.csv>
10:37:39.489 [ERROR] Failed step: Check that the following books are listed <table: C:/Projects/Playground/gauge-automation-testing/GaugeTest/bookData.csv>
10:37:39.489 [ERROR] Error Message: Specified method is not supported.
10:37:39.489 [ERROR] Stacktrace:    at System.Runtime.DesignerServices.WindowsRuntimeDesignerContext..ctor(IEnumerable`1 paths, String name, Boolean designModeRequired)   at Gauge.CSharp.Runner.MethodExecutor.Execute(MethodInfo method, Object[] args) in c:\Program Files (x86)\Go Agent\pipelines\Gauge-Csharp\Runner\MethodExecutor.cs:line 52
10:37:40.902 [DEBUG] Plugin [Html Report] with pid [18592] has exited
10:37:41.002 [INFO] Specifications: 	1 executed, 0 passed, 1 failed, 0 skipped
10:37:41.002 [INFO] Scenarios: 	1 executed, 0 passed, 1 failed, 0 skipped
10:37:41.002 [INFO] Total time taken: 56.748s
10:42:10.058 [INFO] Starting ChromeDriver (v2.9.248315) on port 29529
10:42:11.624 [INFO] Executing specification: Book Listing
10:42:11.632 [INFO] Executing scenario: View book listing
10:42:11.637 [DEBUG] Executing Step: * Go to View Book Listing page
10:42:12.506 [DEBUG] Executing Step: * Check that the following books are listed <table: bookData.csv>
10:42:20.954 [ERROR] Failed step: Check that the following books are listed <table: bookData.csv>
10:42:20.954 [ERROR] Error Message: Object reference not set to an instance of an object.
10:42:20.954 [ERROR] Stacktrace:    at OpenQA.Selenium.Remote.RemoteWebDriver.GetElementsFromResponse(Response response)
	   at OpenQA.Selenium.Remote.RemoteWebDriver.FindElements(String mechanism, String value)
	   at OpenQA.Selenium.Remote.RemoteWebDriver.FindElementsByTagName(String tagName)
	   at OpenQA.Selenium.By.<>c__DisplayClass1a.<TagName>b__19(ISearchContext context)
	   at OpenQA.Selenium.By.FindElements(ISearchContext context)
	   at OpenQA.Selenium.Remote.RemoteWebDriver.FindElements(By by)
	   at GaugeProjectTemplate.BookListingSpecImplementation.VerifyBookIsListed(String title) in c:\Projects\Playground\gauge-automation-testing\BookListing\GaugeTest\BookListingSpecImplementation.cs:line 0
	   at GaugeProjectTemplate.BookListingSpecImplementation.ListBooks(Table table) in c:\Projects\Playground\gauge-automation-testing\BookListing\GaugeTest\BookListingSpecImplementation.cs:line 29   at Gauge.CSharp.Runner.MethodExecutor.Execute(MethodInfo method, Object[] args) in c:\Program Files (x86)\Go Agent\pipelines\Gauge-Csharp\Runner\MethodExecutor.cs:line 52
10:42:22.057 [ERROR] Error Message: chrome not reachable
  (Session info: chrome=47.0.2526.106)
  (Driver info: chromedriver=2.9.248315,platform=Windows NT 6.3 x86_64) (100)
10:42:22.057 [ERROR] Stacktrace:    at OpenQA.Selenium.Remote.RemoteWebDriver.UnpackAndThrowOnError(Response errorResponse)
	   at OpenQA.Selenium.Remote.RemoteWebDriver.Execute(String driverCommandToExecute, Dictionary`2 parameters)
	   at OpenQA.Selenium.Remote.RemoteWebDriver.Close()
	   at GaugeProjectTemplate.DriverFactory.TearDown() in c:\Projects\Playground\gauge-automation-testing\BookListing\GaugeTest\DriverFactory.cs:line 30   at Gauge.CSharp.Runner.MethodExecutor.Execute(MethodInfo method, Object[] args) in c:\Program Files (x86)\Go Agent\pipelines\Gauge-Csharp\Runner\MethodExecutor.cs:line 52
10:42:22.160 [DEBUG] Plugin [Html Report] with pid [5800] has exited
10:42:22.260 [INFO] Specifications: 	1 executed, 0 passed, 1 failed, 0 skipped
10:42:22.260 [INFO] Scenarios: 	1 executed, 0 passed, 1 failed, 0 skipped
10:42:22.260 [INFO] Total time taken: 12.087s
10:42:28.147 [INFO] Starting ChromeDriver (v2.9.248315) on port 29607
10:42:29.681 [INFO] Executing specification: Book Listing
10:42:29.692 [INFO] Executing scenario: View book listing
10:42:29.698 [DEBUG] Executing Step: * Go to View Book Listing page
10:42:30.571 [DEBUG] Executing Step: * Check that the following books are listed <table: bookData.csv>
10:42:46.463 [ERROR] Failed step: Check that the following books are listed <table: bookData.csv>
10:42:46.463 [ERROR] Error Message:   Expected: not <empty>
  But was:  <empty>
10:42:46.463 [ERROR] Stacktrace:    at NUnit.Framework.Assert.That[TActual](TActual actual, IResolveConstraint expression, String message, Object[] args)
	   at NUnit.Framework.Assert.IsNotEmpty(IEnumerable collection)
	   at GaugeProjectTemplate.BookListingSpecImplementation.VerifyBookIsListed(String title) in c:\Projects\Playground\gauge-automation-testing\BookListing\GaugeTest\BookListingSpecImplementation.cs:line 53
	   at GaugeProjectTemplate.BookListingSpecImplementation.ListBooks(Table table) in c:\Projects\Playground\gauge-automation-testing\BookListing\GaugeTest\BookListingSpecImplementation.cs:line 29   at Gauge.CSharp.Runner.MethodExecutor.Execute(MethodInfo method, Object[] args) in c:\Program Files (x86)\Go Agent\pipelines\Gauge-Csharp\Runner\MethodExecutor.cs:line 52
10:42:47.881 [DEBUG] Plugin [Html Report] with pid [13828] has exited
10:42:47.981 [INFO] Specifications: 	1 executed, 0 passed, 1 failed, 0 skipped
10:42:47.981 [INFO] Scenarios: 	1 executed, 0 passed, 1 failed, 0 skipped
10:42:47.981 [INFO] Total time taken: 19.722s
10:43:56.318 [INFO] Starting ChromeDriver (v2.9.248315) on port 29746
10:43:57.878 [INFO] Executing specification: Book Listing
10:43:57.886 [INFO] Executing scenario: View book listing
10:43:57.891 [DEBUG] Executing Step: * Go to View Book Listing page
10:43:58.793 [DEBUG] Executing Step: * Check that the following books are listed <table:bookData.csv>
10:44:14.751 [ERROR] Failed step: Check that the following books are listed <table:bookData.csv>
10:44:14.751 [ERROR] Error Message:   Expected: not <empty>
  But was:  <empty>
10:44:14.751 [ERROR] Stacktrace:    at NUnit.Framework.Assert.That[TActual](TActual actual, IResolveConstraint expression, String message, Object[] args)
	   at NUnit.Framework.Assert.IsNotEmpty(IEnumerable collection)
	   at GaugeProjectTemplate.BookListingSpecImplementation.VerifyBookIsListed(String title) in c:\Projects\Playground\gauge-automation-testing\BookListing\GaugeTest\BookListingSpecImplementation.cs:line 53
	   at GaugeProjectTemplate.BookListingSpecImplementation.ListBooks(Table table) in c:\Projects\Playground\gauge-automation-testing\BookListing\GaugeTest\BookListingSpecImplementation.cs:line 29   at Gauge.CSharp.Runner.MethodExecutor.Execute(MethodInfo method, Object[] args) in c:\Program Files (x86)\Go Agent\pipelines\Gauge-Csharp\Runner\MethodExecutor.cs:line 52
10:44:16.163 [DEBUG] Plugin [Html Report] with pid [18764] has exited
10:44:16.264 [INFO] Specifications: 	1 executed, 0 passed, 1 failed, 0 skipped
10:44:16.264 [INFO] Scenarios: 	1 executed, 0 passed, 1 failed, 0 skipped
10:44:16.264 [INFO] Total time taken: 19.833s
10:44:27.723 [INFO] Starting ChromeDriver (v2.9.248315) on port 29840
10:44:29.299 [INFO] Executing specification: Book Listing
10:44:29.307 [INFO] Executing scenario: View book listing
10:44:29.313 [DEBUG] Executing Step: * Go to View Book Listing page
10:44:30.207 [DEBUG] Executing Step: * Check that the following books are listed <table:bookData.csv>
10:44:32.354 [DEBUG] Plugin [Html Report] with pid [1292] has exited
10:44:32.454 [INFO] Specifications: 	1 executed, 1 passed, 0 failed, 0 skipped
10:44:32.454 [INFO] Scenarios: 	1 executed, 1 passed, 0 failed, 0 skipped
10:44:32.454 [INFO] Total time taken: 4.616s
10:50:13.821 [WARNING] C:\Projects\Playground\gauge-automation-testing\BookListing\GaugeTest\specs\book_listing.spec : line no: 15, Table not associated with a step, ignoring table
10:50:14.691 [ERROR] Validation failed. The following steps have errors
10:50:14.692 [ERROR] C:\Projects\Playground\gauge-automation-testing\BookListing\GaugeTest\specs\book_listing.spec:13: Step implementation not found. Check that the following books are not listed
10:50:14.791 [INFO] Starting ChromeDriver (v2.9.248315) on port 30024
10:50:16.564 [INFO] Executing specification: Book Listing
10:50:17.742 [DEBUG] Plugin [Html Report] with pid [15248] has exited
10:50:17.843 [INFO] Specifications: 	1 executed, 1 passed, 0 failed, 0 skipped
10:50:17.843 [INFO] Scenarios: 	0 executed, 0 passed, 0 failed, 1 skipped
10:50:17.843 [INFO] Total time taken: 2.936s
10:51:06.508 [WARNING] C:\Projects\Playground\gauge-automation-testing\BookListing\GaugeTest\specs\book_listing.spec : line no: 15, Table not associated with a step, ignoring table
10:51:09.628 [INFO] Starting ChromeDriver (v2.9.248315) on port 30062
10:51:11.444 [INFO] Executing specification: Book Listing
10:51:11.450 [INFO] Executing scenario: View book listing - books are not listed
10:51:11.454 [DEBUG] Executing Step: * Go to View Book Listing page
10:51:14.123 [DEBUG] Executing Step: * Check that the following books are not listed
10:51:14.124 [ERROR] Failed step: Check that the following books are not listed
10:51:14.124 [ERROR] Error Message: Argument length mismatch for Check that the following books are not listed. Actual Count: 0, Expected Count: 1
10:51:14.124 [ERROR] Stacktrace: 
10:51:15.537 [DEBUG] Plugin [Html Report] with pid [11456] has exited
10:51:15.637 [INFO] Specifications: 	1 executed, 0 passed, 1 failed, 0 skipped
10:51:15.637 [INFO] Scenarios: 	1 executed, 0 passed, 1 failed, 0 skipped
10:51:15.637 [INFO] Total time taken: 5.884s
10:53:09.773 [WARNING] C:\Projects\Playground\gauge-automation-testing\BookListing\GaugeTest\specs\book_listing.spec : line no: 15, Table not associated with a step, ignoring table
10:53:12.263 [ERROR] Validation failed. The following steps have errors
10:53:12.263 [ERROR] C:\Projects\Playground\gauge-automation-testing\BookListing\GaugeTest\specs\book_listing.spec:13: Step implementation not found. Check that the following books are not listed
10:53:12.352 [INFO] Starting ChromeDriver (v2.9.248315) on port 30139
10:53:14.197 [INFO] Executing specification: Book Listing
10:53:15.370 [DEBUG] Plugin [Html Report] with pid [3644] has exited
10:53:15.470 [INFO] Specifications: 	1 executed, 1 passed, 0 failed, 0 skipped
10:53:15.470 [INFO] Scenarios: 	0 executed, 0 passed, 0 failed, 1 skipped
10:53:15.470 [INFO] Total time taken: 2.993s
10:55:55.560 [INFO] Starting ChromeDriver (v2.9.248315) on port 30222
10:55:57.667 [INFO] Executing specification: Book Listing
10:55:57.671 [INFO] Executing scenario: View book listing - books are not listed
10:55:57.674 [DEBUG] Executing Step: * Go to View Book Listing page
10:56:20.876 [DEBUG] Executing Step: * Check that the following books are not listed 
     |Title         |Author       |
     |--------------|-------------|
     |Go Programming|John P. Baugh|
     |The Way to Go |Ivo Balbaert |
10:57:09.518 [ERROR] Failed step: Check that the following books are not listed
10:57:09.518 [ERROR] Error Message:   Expected: null
  But was:  <empty>
10:57:09.518 [ERROR] Stacktrace:    at NUnit.Framework.Assert.That[TActual](TActual actual, IResolveConstraint expression, String message, Object[] args)
	   at NUnit.Framework.Assert.IsNull(Object anObject)
	   at GaugeProjectTemplate.BookListingSpecImplementation.VerifyBookIsNotListed(String title) in c:\Projects\Playground\gauge-automation-testing\BookListing\GaugeTest\BookListingSpecImplementation.cs:line 66
	   at GaugeProjectTemplate.BookListingSpecImplementation.ListBooksDoesNotExist(Table table) in c:\Projects\Playground\gauge-automation-testing\BookListing\GaugeTest\BookListingSpecImplementation.cs:line 77   at Gauge.CSharp.Runner.MethodExecutor.Execute(MethodInfo method, Object[] args) in c:\Program Files (x86)\Go Agent\pipelines\Gauge-Csharp\Runner\MethodExecutor.cs:line 52
10:57:10.929 [DEBUG] Plugin [Html Report] with pid [17252] has exited
10:57:11.030 [INFO] Specifications: 	1 executed, 0 passed, 1 failed, 0 skipped
10:57:11.030 [INFO] Scenarios: 	1 executed, 0 passed, 1 failed, 0 skipped
10:57:11.030 [INFO] Total time taken: 1m15.345s
10:59:03.999 [INFO] Starting ChromeDriver (v2.9.248315) on port 30356
10:59:05.787 [INFO] Executing specification: Book Listing
10:59:05.794 [INFO] Executing scenario: View book listing - books are not listed
10:59:05.800 [DEBUG] Executing Step: * Go to View Book Listing page
10:59:06.893 [DEBUG] Executing Step: * Check that the following books are not listed 
     |Title         |Author       |
     |--------------|-------------|
     |Go Programming|John P. Baugh|
     |The Way to Go |Ivo Balbaert |
10:59:22.177 [ERROR] Failed step: Check that the following books are not listed
10:59:22.177 [ERROR] Error Message:   Expected string length 16 but was 17. Strings differ at index 16.
  Expected: "No results found"
  But was:  "No results found."
  ---------------------------^
10:59:22.177 [ERROR] Stacktrace:    at NUnit.Framework.Assert.That[TActual](TActual actual, IResolveConstraint expression, String message, Object[] args)
	   at GaugeProjectTemplate.BookListingSpecImplementation.VerifyBookIsNotListed() in c:\Projects\Playground\gauge-automation-testing\BookListing\GaugeTest\BookListingSpecImplementation.cs:line 67
	   at GaugeProjectTemplate.BookListingSpecImplementation.ListBooksDoesNotExist(Table table) in c:\Projects\Playground\gauge-automation-testing\BookListing\GaugeTest\BookListingSpecImplementation.cs:line 78   at Gauge.CSharp.Runner.MethodExecutor.Execute(MethodInfo method, Object[] args) in c:\Program Files (x86)\Go Agent\pipelines\Gauge-Csharp\Runner\MethodExecutor.cs:line 52
10:59:23.594 [DEBUG] Plugin [Html Report] with pid [7116] has exited
10:59:23.694 [INFO] Specifications: 	1 executed, 0 passed, 1 failed, 0 skipped
10:59:23.694 [INFO] Scenarios: 	1 executed, 0 passed, 1 failed, 0 skipped
10:59:23.694 [INFO] Total time taken: 19.577s
10:59:40.646 [INFO] Starting ChromeDriver (v2.9.248315) on port 30428
10:59:42.269 [INFO] Executing specification: Book Listing
10:59:42.276 [INFO] Executing scenario: View book listing - books are not listed
10:59:42.282 [DEBUG] Executing Step: * Go to View Book Listing page
10:59:43.495 [DEBUG] Executing Step: * Check that the following books are not listed 
     |Title         |Author       |
     |--------------|-------------|
     |Go Programming|John P. Baugh|
     |The Way to Go |Ivo Balbaert |
10:59:58.832 [ERROR] Failed step: Check that the following books are not listed
10:59:58.832 [ERROR] Error Message:   Expected string length 16 but was 17. Strings differ at index 16.
  Expected: "No results found"
  But was:  "No results found."
  ---------------------------^
10:59:58.832 [ERROR] Stacktrace:    at NUnit.Framework.Assert.That[TActual](TActual actual, IResolveConstraint expression, String message, Object[] args)
	   at GaugeProjectTemplate.BookListingSpecImplementation.VerifyBookIsNotListed() in c:\Projects\Playground\gauge-automation-testing\BookListing\GaugeTest\BookListingSpecImplementation.cs:line 67
	   at GaugeProjectTemplate.BookListingSpecImplementation.ListBooksDoesNotExist(Table table) in c:\Projects\Playground\gauge-automation-testing\BookListing\GaugeTest\BookListingSpecImplementation.cs:line 78   at Gauge.CSharp.Runner.MethodExecutor.Execute(MethodInfo method, Object[] args) in c:\Program Files (x86)\Go Agent\pipelines\Gauge-Csharp\Runner\MethodExecutor.cs:line 52
11:00:00.247 [DEBUG] Plugin [Html Report] with pid [1308] has exited
11:00:00.347 [INFO] Specifications: 	1 executed, 0 passed, 1 failed, 0 skipped
11:00:00.347 [INFO] Scenarios: 	1 executed, 0 passed, 1 failed, 0 skipped
11:00:00.347 [INFO] Total time taken: 19.587s
11:00:33.331 [INFO] Starting ChromeDriver (v2.9.248315) on port 30488
11:00:35.102 [INFO] Executing specification: Book Listing
11:00:35.109 [INFO] Executing scenario: View book listing - books are not listed
11:00:35.114 [DEBUG] Executing Step: * Go to View Book Listing page
11:00:36.182 [DEBUG] Executing Step: * Check that the following books are not listed 
     |Title         |Author       |
     |--------------|-------------|
     |Go Programming|John P. Baugh|
     |The Way to Go |Ivo Balbaert |
11:01:08.042 [DEBUG] Plugin [Html Report] with pid [11564] has exited
11:01:08.142 [INFO] Specifications: 	1 executed, 1 passed, 0 failed, 0 skipped
11:01:08.142 [INFO] Scenarios: 	1 executed, 1 passed, 0 failed, 0 skipped
11:01:08.142 [INFO] Total time taken: 34.696s
14:13:06.311 [INFO] Starting ChromeDriver (v2.9.248315) on port 33221
14:13:08.091 [INFO] Executing specification: Landing Page
14:13:08.099 [INFO] Executing scenario: Correct text is on Landing Page
14:13:08.103 [DEBUG] Executing Step: * Go to home page
14:13:09.842 [DEBUG] Executing Step: * I see a "Hello Gauge" message
14:13:09.886 [DEBUG] Executing Step: * I see a "A simple app to facilitate Gauge automation testing." description
14:13:09.913 [DEBUG] Executing Step: * I see a "View Book Listing" link
14:13:11.362 [DEBUG] Plugin [Html Report] with pid [16172] has exited
14:13:11.463 [INFO] Specifications: 	1 executed, 1 passed, 0 failed, 0 skipped
14:13:11.463 [INFO] Scenarios: 	1 executed, 1 passed, 0 failed, 0 skipped
14:13:11.463 [INFO] Total time taken: 6.932s
14:57:41.849 [INFO] Starting ChromeDriver (v2.9.248315) on port 34094
14:57:43.637 [INFO] Executing specification: Specification Heading
14:57:43.645 [INFO] Executing scenario: First scenario
14:57:43.650 [DEBUG] Executing Step: * A context step which gets executed before every scenario
14:57:43.660 [INFO] This is a sample context
14:57:43.663 [DEBUG] Executing Step: * Say "hello" to "gauge"
14:57:43.675 [INFO] hello, gauge!
14:57:43.882 [DEBUG] Plugin [Html Report] with pid [14480] has exited
14:57:43.982 [INFO] Specifications: 	1 executed, 1 passed, 0 failed, 0 skipped
14:57:43.982 [INFO] Scenarios: 	1 executed, 1 passed, 0 failed, 0 skipped
14:57:43.982 [INFO] Total time taken: 2.019s
14:57:45.193 [INFO] Starting ChromeDriver (v2.9.248315) on port 34115
14:57:46.761 [INFO] Executing specification: Specification Heading
14:57:46.768 [INFO] Executing scenario: Second scenario for the specification
14:57:46.775 [DEBUG] Executing Step: * A context step which gets executed before every scenario
14:57:46.785 [INFO] This is a sample context
14:57:46.789 [DEBUG] Executing Step: * Say "hello again" to "gauge"
14:57:46.797 [INFO] hello again, gauge!
14:57:46.797 [DEBUG] Executing Step: * Step that takes a table 
     |Product|Description                  |
     |-------|-----------------------------|
     |Gauge  |Test automation with ease    |
     |Mingle |Agile project management     |
     |Snap   |Hosted continuous integration|
     |Gocd   |Continuous delivery platform |
14:57:46.811 [INFO] Product
14:57:46.811 [INFO] Description
14:57:46.812 [INFO] Gauge|Test automation with ease
14:57:46.812 [INFO] Mingle|Agile project management
Snap|Hosted continuous integration
Gocd|Continuous delivery platform
14:57:48.395 [DEBUG] Plugin [Html Report] with pid [8584] has exited
14:57:48.495 [INFO] Specifications: 	1 executed, 1 passed, 0 failed, 0 skipped
14:57:48.495 [INFO] Scenarios: 	1 executed, 1 passed, 0 failed, 0 skipped
14:57:48.495 [INFO] Total time taken: 3.19s
14:57:49.628 [INFO] Starting ChromeDriver (v2.9.248315) on port 34139
14:57:51.149 [INFO] Executing specification: Book Listing
14:57:51.156 [INFO] Executing scenario: List books (books are not listed)
14:57:51.162 [DEBUG] Executing Step: * Go to View Book Listing page
14:57:52.955 [DEBUG] Executing Step: * Check that the following books are not listed 
     |Title         |Author       |
     |--------------|-------------|
     |Go Programming|John P. Baugh|
     |The Way to Go |Ivo Balbaert |
14:58:24.839 [DEBUG] Plugin [Html Report] with pid [7080] has exited
14:58:24.939 [INFO] Specifications: 	1 executed, 1 passed, 0 failed, 0 skipped
14:58:24.939 [INFO] Scenarios: 	1 executed, 1 passed, 0 failed, 0 skipped
14:58:24.939 [INFO] Total time taken: 35.194s
14:58:26.124 [INFO] Starting ChromeDriver (v2.9.248315) on port 34215
14:58:27.657 [INFO] Executing specification: Book Listing
14:58:27.666 [INFO] Executing scenario: List books (all books are listed)
14:58:27.670 [DEBUG] Executing Step: * Go to View Book Listing page
14:58:28.590 [DEBUG] Executing Step: * Check that the following books are listed <table:bookData.csv>
14:58:43.937 [ERROR] Failed step: Check that the following books are listed <table:bookData.csv>
14:58:43.937 [ERROR] Error Message:   Expected: not <empty>
  But was:  <empty>
14:58:43.937 [ERROR] Stacktrace:    at NUnit.Framework.Assert.That[TActual](TActual actual, IResolveConstraint expression, String message, Object[] args)
	   at NUnit.Framework.Assert.IsNotEmpty(IEnumerable collection)
	   at GaugeProjectTemplate.BookListingSpecImplementation.VerifyBookIsListed(String title) in c:\Projects\Playground\gauge-automation-testing\BookListing\GaugeTest\BookListingSpecImplementation.cs:line 53
	   at GaugeProjectTemplate.BookListingSpecImplementation.ListBooks(Table table) in c:\Projects\Playground\gauge-automation-testing\BookListing\GaugeTest\BookListingSpecImplementation.cs:line 29   at Gauge.CSharp.Runner.MethodExecutor.Execute(MethodInfo method, Object[] args) in c:\Program Files (x86)\Go Agent\pipelines\Gauge-Csharp\Runner\MethodExecutor.cs:line 52
14:58:45.351 [DEBUG] Plugin [Html Report] with pid [7772] has exited
14:58:45.451 [INFO] Specifications: 	1 executed, 0 passed, 1 failed, 0 skipped
14:58:45.451 [INFO] Scenarios: 	1 executed, 0 passed, 1 failed, 0 skipped
14:58:45.451 [INFO] Total time taken: 19.211s
14:58:57.840 [INFO] Starting ChromeDriver (v2.9.248315) on port 34253
14:58:59.389 [INFO] Executing specification: Landing Page
14:58:59.399 [INFO] Executing scenario: Correct text is on Landing Page
14:58:59.404 [DEBUG] Executing Step: * Go to home page
14:59:00.303 [DEBUG] Executing Step: * I see a "Hello Gauge" message
14:59:00.346 [DEBUG] Executing Step: * I see a "A simple app to facilitate Gauge automation testing." description
14:59:00.373 [DEBUG] Executing Step: * I see a "View Book Listing" link
14:59:01.817 [DEBUG] Plugin [Html Report] with pid [17892] has exited
14:59:01.918 [INFO] Specifications: 	1 executed, 1 passed, 0 failed, 0 skipped
14:59:01.918 [INFO] Scenarios: 	1 executed, 1 passed, 0 failed, 0 skipped
14:59:01.918 [INFO] Total time taken: 3.963s
14:59:07.001 [INFO] Starting ChromeDriver (v2.9.248315) on port 34293
14:59:08.790 [INFO] Executing specification: Book Listing
14:59:08.798 [INFO] Executing scenario: Search for a book (empty search)
14:59:08.802 [DEBUG] Executing Step: * Go to View Book Listing page
14:59:09.437 [DEBUG] Executing Step: * Search for book with title ""
14:59:09.552 [DEBUG] Executing Step: * The book "Code Complete 2" is listed
14:59:09.864 [ERROR] Failed step: The book "Code Complete 2" is listed
14:59:09.864 [ERROR] Error Message:   Expected: not <empty>
  But was:  <empty>
14:59:09.864 [ERROR] Stacktrace:    at NUnit.Framework.Assert.That[TActual](TActual actual, IResolveConstraint expression, String message, Object[] args)
	   at NUnit.Framework.Assert.IsNotEmpty(IEnumerable collection)
	   at GaugeProjectTemplate.BookListingSpecImplementation.VerifyBookIsListed(String title) in c:\Projects\Playground\gauge-automation-testing\BookListing\GaugeTest\BookListingSpecImplementation.cs:line 53   at Gauge.CSharp.Runner.MethodExecutor.Execute(MethodInfo method, Object[] args) in c:\Program Files (x86)\Go Agent\pipelines\Gauge-Csharp\Runner\MethodExecutor.cs:line 52
14:59:11.282 [DEBUG] Plugin [Html Report] with pid [18968] has exited
14:59:11.382 [INFO] Specifications: 	1 executed, 0 passed, 1 failed, 0 skipped
14:59:11.382 [INFO] Scenarios: 	1 executed, 0 passed, 1 failed, 0 skipped
14:59:11.382 [INFO] Total time taken: 4.266s
14:59:49.319 [INFO] Starting ChromeDriver (v2.9.248315) on port 34348
14:59:51.375 [INFO] Executing specification: Book Listing
14:59:51.383 [INFO] Executing scenario: Search for a book (empty search)
14:59:51.386 [DEBUG] Executing Step: * Go to View Book Listing page
14:59:54.796 [DEBUG] Executing Step: * Search for book with title ""
14:59:54.912 [DEBUG] Executing Step: * The book "Code Complete 2" is listed
14:59:55.172 [DEBUG] Executing Step: * The book "The Mythical Man Month" is listed
14:59:55.286 [DEBUG] Executing Step: * The book "The Design of Everyday Things" is listed
14:59:56.799 [DEBUG] Plugin [Html Report] with pid [18856] has exited
14:59:56.899 [INFO] Specifications: 	1 executed, 1 passed, 0 failed, 0 skipped
14:59:56.899 [INFO] Scenarios: 	1 executed, 1 passed, 0 failed, 0 skipped
14:59:56.899 [INFO] Total time taken: 7.468s
14:59:58.082 [INFO] Starting ChromeDriver (v2.9.248315) on port 34439
14:59:59.604 [INFO] Executing specification: Book Listing
14:59:59.611 [INFO] Executing scenario: Search for a book (containing letters)
14:59:59.616 [DEBUG] Executing Step: * Go to View Book Listing page
15:00:00.947 [DEBUG] Executing Step: * Search for book with title "n"
15:00:01.076 [DEBUG] Executing Step: * The book "The Mythical Man Month" is listed
15:00:01.313 [DEBUG] Executing Step: * The book "The Design of Everyday Things" is listed
15:00:02.817 [DEBUG] Plugin [Html Report] with pid [5576] has exited
15:00:02.917 [INFO] Specifications: 	1 executed, 1 passed, 0 failed, 0 skipped
15:00:02.917 [INFO] Scenarios: 	1 executed, 1 passed, 0 failed, 0 skipped
15:00:02.917 [INFO] Total time taken: 4.726s
15:00:04.083 [INFO] Starting ChromeDriver (v2.9.248315) on port 34506
15:00:05.608 [INFO] Executing specification: Book Listing
15:00:05.615 [INFO] Executing scenario: Search for a book (exact match)
15:00:05.621 [DEBUG] Executing Step: * Go to View Book Listing page
15:00:06.934 [DEBUG] Executing Step: * Search for book with title "Code Complete 2"
15:00:07.077 [DEBUG] Executing Step: * The book "Code Complete 2" is listed
15:00:08.723 [DEBUG] Plugin [Html Report] with pid [6308] has exited
15:00:08.823 [INFO] Specifications: 	1 executed, 1 passed, 0 failed, 0 skipped
15:00:08.823 [INFO] Scenarios: 	1 executed, 1 passed, 0 failed, 0 skipped
15:00:08.823 [INFO] Total time taken: 4.625s
15:00:09.958 [INFO] Starting ChromeDriver (v2.9.248315) on port 34554
15:00:11.507 [INFO] Executing specification: Book Listing
15:00:11.515 [INFO] Executing scenario: List books (books are not listed)
15:00:11.520 [DEBUG] Executing Step: * Go to View Book Listing page
15:00:12.836 [DEBUG] Executing Step: * Check that the following books are not listed 
     |Title         |Author       |
     |--------------|-------------|
     |Go Programming|John P. Baugh|
     |The Way to Go |Ivo Balbaert |
15:00:44.702 [DEBUG] Plugin [Html Report] with pid [2620] has exited
15:00:44.802 [INFO] Specifications: 	1 executed, 1 passed, 0 failed, 0 skipped
15:00:44.802 [INFO] Scenarios: 	1 executed, 1 passed, 0 failed, 0 skipped
15:00:44.802 [INFO] Total time taken: 34.728s
15:00:46.039 [INFO] Starting ChromeDriver (v2.9.248315) on port 34604
15:00:48.057 [INFO] Executing specification: Book Listing
15:00:48.061 [INFO] Executing scenario: List books (all books are listed)
15:00:48.064 [DEBUG] Executing Step: * Go to View Book Listing page
15:00:48.901 [DEBUG] Executing Step: * Check that the following books are listed <table:bookData.csv>
15:00:50.950 [DEBUG] Plugin [Html Report] with pid [11956] has exited
15:00:51.050 [INFO] Specifications: 	1 executed, 1 passed, 0 failed, 0 skipped
15:00:51.050 [INFO] Scenarios: 	1 executed, 1 passed, 0 failed, 0 skipped
15:00:51.050 [INFO] Total time taken: 4.9s
15:00:52.256 [INFO] Starting ChromeDriver (v2.9.248315) on port 34678
15:00:54.071 [INFO] Executing specification: Landing Page
15:00:54.080 [INFO] Executing scenario: Correct text is on Landing Page
15:00:54.085 [DEBUG] Executing Step: * Go to home page
15:00:55.337 [DEBUG] Executing Step: * I see a "Hello Gauge" message
15:00:55.381 [DEBUG] Executing Step: * I see a "A simple app to facilitate Gauge automation testing." description
15:00:55.411 [DEBUG] Executing Step: * I see a "View Book Listing" link
15:00:56.859 [DEBUG] Plugin [Html Report] with pid [940] has exited
15:00:56.959 [INFO] Specifications: 	1 executed, 1 passed, 0 failed, 0 skipped
15:00:56.959 [INFO] Scenarios: 	1 executed, 1 passed, 0 failed, 0 skipped
15:00:56.959 [INFO] Total time taken: 4.59s
15:00:58.156 [INFO] Starting ChromeDriver (v2.9.248315) on port 34713
15:00:59.922 [INFO] Executing specification: Specification Heading
15:00:59.931 [INFO] Executing scenario: Second scenario for the specification
15:00:59.937 [DEBUG] Executing Step: * A context step which gets executed before every scenario
15:00:59.947 [INFO] This is a sample context
15:00:59.952 [DEBUG] Executing Step: * Say "hello again" to "gauge"
15:00:59.960 [INFO] hello again, gauge!
15:00:59.961 [DEBUG] Executing Step: * Step that takes a table 
     |Product|Description                  |
     |-------|-----------------------------|
     |Gauge  |Test automation with ease    |
     |Mingle |Agile project management     |
     |Snap   |Hosted continuous integration|
     |Gocd   |Continuous delivery platform |
15:00:59.974 [INFO] Product
15:00:59.974 [INFO] Description
15:00:59.975 [INFO] Gauge|Test automation with ease
15:00:59.975 [INFO] Mingle|Agile project management
Snap|Hosted continuous integration
Gocd|Continuous delivery platform
15:01:00.170 [DEBUG] Plugin [Html Report] with pid [12620] has exited
15:01:00.271 [INFO] Specifications: 	1 executed, 1 passed, 0 failed, 0 skipped
15:01:00.271 [INFO] Scenarios: 	1 executed, 1 passed, 0 failed, 0 skipped
15:01:00.271 [INFO] Total time taken: 2.008s
15:01:01.424 [INFO] Starting ChromeDriver (v2.9.248315) on port 34735
15:01:02.968 [INFO] Executing specification: Specification Heading
15:01:02.976 [INFO] Executing scenario: First scenario
15:01:02.982 [DEBUG] Executing Step: * A context step which gets executed before every scenario
15:01:02.993 [INFO] This is a sample context
15:01:02.999 [DEBUG] Executing Step: * Say "hello" to "gauge"
15:01:03.007 [INFO] hello, gauge!
15:01:04.339 [DEBUG] Plugin [Html Report] with pid [17568] has exited
15:01:04.439 [INFO] Specifications: 	1 executed, 1 passed, 0 failed, 0 skipped
15:01:04.439 [INFO] Scenarios: 	1 executed, 1 passed, 0 failed, 0 skipped
15:01:04.439 [INFO] Total time taken: 2.899s
15:04:07.260 [INFO] Starting ChromeDriver (v2.9.248315) on port 34812
15:04:08.812 [INFO] Executing specification: Landing Page
15:04:08.819 [INFO] Executing scenario: Correct text is on Landing Page
15:04:08.824 [DEBUG] Executing Step: * Go to home page
15:04:09.680 [DEBUG] Executing Step: * I see a "Hello Gauge" message
15:04:09.723 [DEBUG] Executing Step: * I see a "A simple app to facilitate Gauge automation testing." description
15:04:09.750 [DEBUG] Executing Step: * I see a "View Book Listing" link
15:04:11.199 [DEBUG] Plugin [Html Report] with pid [19372] has exited
15:04:11.299 [INFO] Specifications: 	1 executed, 1 passed, 0 failed, 0 skipped
15:04:11.299 [INFO] Scenarios: 	1 executed, 1 passed, 0 failed, 0 skipped
15:04:11.299 [INFO] Total time taken: 3.924s
15:04:24.760 [ERROR] Error Message: The chromedriver.exe file does not exist in the current directory or in a directory on the PATH environment variable. The driver can be downloaded at http://chromedriver.storage.googleapis.com/index.html.
15:04:24.760 [ERROR] Stacktrace:    at OpenQA.Selenium.DriverService.FindDriverServiceExecutable(String executableName, Uri downloadUrl)
	   at OpenQA.Selenium.Chrome.ChromeDriverService.CreateDefaultService()
	   at OpenQA.Selenium.Chrome.ChromeDriver..ctor(ChromeOptions options)
	   at GaugeProjectTemplate.DriverFactory.Setup() in c:\Projects\Playground\gauge-automation-testing\BookListing\GaugeTest\DriverFactory.cs:line 23   at Gauge.CSharp.Runner.MethodExecutor.Execute(MethodInfo method, Object[] args) in c:\Program Files (x86)\Go Agent\pipelines\Gauge-Csharp\Runner\MethodExecutor.cs:line 52
15:04:24.820 [ERROR] Error Message: Object reference not set to an instance of an object.
15:04:24.820 [ERROR] Stacktrace:    at GaugeProjectTemplate.DriverFactory.TearDown() in c:\Projects\Playground\gauge-automation-testing\BookListing\GaugeTest\DriverFactory.cs:line 30   at Gauge.CSharp.Runner.MethodExecutor.Execute(MethodInfo method, Object[] args) in c:\Program Files (x86)\Go Agent\pipelines\Gauge-Csharp\Runner\MethodExecutor.cs:line 52
15:04:24.924 [DEBUG] Plugin [Html Report] with pid [19388] has exited
15:04:25.025 [INFO] Specifications: 	0 executed, 0 passed, 0 failed, 0 skipped
15:04:25.025 [INFO] Scenarios: 	0 executed, 0 passed, 0 failed, 0 skipped
15:04:25.025 [INFO] Total time taken: 180ms
15:05:09.157 [ERROR] Error Message: The chromedriver.exe file does not exist in the current directory or in a directory on the PATH environment variable. The driver can be downloaded at http://chromedriver.storage.googleapis.com/index.html.
15:05:09.158 [ERROR] Stacktrace:    at OpenQA.Selenium.DriverService.FindDriverServiceExecutable(String executableName, Uri downloadUrl)
	   at OpenQA.Selenium.Chrome.ChromeDriverService.CreateDefaultService()
	   at OpenQA.Selenium.Chrome.ChromeDriver..ctor(ChromeOptions options)
	   at GaugeProjectTemplate.DriverFactory.Setup() in c:\Projects\Playground\gauge-automation-testing\BookListing\GaugeTest\DriverFactory.cs:line 23   at Gauge.CSharp.Runner.MethodExecutor.Execute(MethodInfo method, Object[] args) in c:\Program Files (x86)\Go Agent\pipelines\Gauge-Csharp\Runner\MethodExecutor.cs:line 52
15:05:09.229 [ERROR] Error Message: Object reference not set to an instance of an object.
15:05:09.229 [ERROR] Stacktrace:    at GaugeProjectTemplate.DriverFactory.TearDown() in c:\Projects\Playground\gauge-automation-testing\BookListing\GaugeTest\DriverFactory.cs:line 30   at Gauge.CSharp.Runner.MethodExecutor.Execute(MethodInfo method, Object[] args) in c:\Program Files (x86)\Go Agent\pipelines\Gauge-Csharp\Runner\MethodExecutor.cs:line 52
15:05:09.337 [DEBUG] Plugin [Html Report] with pid [18868] has exited
15:05:09.438 [INFO] Specifications: 	0 executed, 0 passed, 0 failed, 0 skipped
15:05:09.438 [INFO] Scenarios: 	0 executed, 0 passed, 0 failed, 0 skipped
15:05:09.438 [INFO] Total time taken: 207ms
15:05:14.770 [ERROR] Error Message: The chromedriver.exe file does not exist in the current directory or in a directory on the PATH environment variable. The driver can be downloaded at http://chromedriver.storage.googleapis.com/index.html.
15:05:14.770 [ERROR] Stacktrace:    at OpenQA.Selenium.DriverService.FindDriverServiceExecutable(String executableName, Uri downloadUrl)
	   at OpenQA.Selenium.Chrome.ChromeDriverService.CreateDefaultService()
	   at OpenQA.Selenium.Chrome.ChromeDriver..ctor(ChromeOptions options)
	   at GaugeProjectTemplate.DriverFactory.Setup() in c:\Projects\Playground\gauge-automation-testing\BookListing\GaugeTest\DriverFactory.cs:line 23   at Gauge.CSharp.Runner.MethodExecutor.Execute(MethodInfo method, Object[] args) in c:\Program Files (x86)\Go Agent\pipelines\Gauge-Csharp\Runner\MethodExecutor.cs:line 52
15:05:14.841 [ERROR] Error Message: Object reference not set to an instance of an object.
15:05:14.841 [ERROR] Stacktrace:    at GaugeProjectTemplate.DriverFactory.TearDown() in c:\Projects\Playground\gauge-automation-testing\BookListing\GaugeTest\DriverFactory.cs:line 30   at Gauge.CSharp.Runner.MethodExecutor.Execute(MethodInfo method, Object[] args) in c:\Program Files (x86)\Go Agent\pipelines\Gauge-Csharp\Runner\MethodExecutor.cs:line 52
15:05:14.945 [DEBUG] Plugin [Html Report] with pid [6176] has exited
15:05:15.045 [INFO] Specifications: 	0 executed, 0 passed, 0 failed, 0 skipped
15:05:15.045 [INFO] Scenarios: 	0 executed, 0 passed, 0 failed, 0 skipped
15:05:15.045 [INFO] Total time taken: 195ms
15:08:17.690 [ERROR] Error Message: The file ../../chromedriver.exe does not exist. The driver can be downloaded at http://chromedriver.storage.googleapis.com/index.html
15:08:17.691 [ERROR] Stacktrace:    at OpenQA.Selenium.DriverService..ctor(String servicePath, Int32 port, String driverServiceExecutableName, Uri driverServiceDownloadUrl)
	   at OpenQA.Selenium.Chrome.ChromeDriver..ctor(String chromeDriverDirectory, ChromeOptions options)
	   at GaugeProjectTemplate.DriverFactory.Setup() in c:\Projects\Playground\gauge-automation-testing\BookListing\GaugeTest\DriverFactory.cs:line 23   at Gauge.CSharp.Runner.MethodExecutor.Execute(MethodInfo method, Object[] args) in c:\Program Files (x86)\Go Agent\pipelines\Gauge-Csharp\Runner\MethodExecutor.cs:line 52
15:08:17.762 [ERROR] Error Message: Object reference not set to an instance of an object.
15:08:17.762 [ERROR] Stacktrace:    at GaugeProjectTemplate.DriverFactory.TearDown() in c:\Projects\Playground\gauge-automation-testing\BookListing\GaugeTest\DriverFactory.cs:line 30   at Gauge.CSharp.Runner.MethodExecutor.Execute(MethodInfo method, Object[] args) in c:\Program Files (x86)\Go Agent\pipelines\Gauge-Csharp\Runner\MethodExecutor.cs:line 52
15:08:17.866 [DEBUG] Plugin [Html Report] with pid [18604] has exited
15:08:17.967 [INFO] Specifications: 	0 executed, 0 passed, 0 failed, 0 skipped
15:08:17.967 [INFO] Scenarios: 	0 executed, 0 passed, 0 failed, 0 skipped
15:08:17.967 [INFO] Total time taken: 228ms
15:08:57.359 [ERROR] Error Message: The file ../chromedriver.exe does not exist. The driver can be downloaded at http://chromedriver.storage.googleapis.com/index.html
15:08:57.360 [ERROR] Stacktrace:    at OpenQA.Selenium.DriverService..ctor(String servicePath, Int32 port, String driverServiceExecutableName, Uri driverServiceDownloadUrl)
	   at OpenQA.Selenium.Chrome.ChromeDriver..ctor(String chromeDriverDirectory, ChromeOptions options)
	   at GaugeProjectTemplate.DriverFactory.Setup() in c:\Projects\Playground\gauge-automation-testing\BookListing\GaugeTest\DriverFactory.cs:line 23   at Gauge.CSharp.Runner.MethodExecutor.Execute(MethodInfo method, Object[] args) in c:\Program Files (x86)\Go Agent\pipelines\Gauge-Csharp\Runner\MethodExecutor.cs:line 52
15:08:57.438 [ERROR] Error Message: Object reference not set to an instance of an object.
15:08:57.438 [ERROR] Stacktrace:    at GaugeProjectTemplate.DriverFactory.TearDown() in c:\Projects\Playground\gauge-automation-testing\BookListing\GaugeTest\DriverFactory.cs:line 30   at Gauge.CSharp.Runner.MethodExecutor.Execute(MethodInfo method, Object[] args) in c:\Program Files (x86)\Go Agent\pipelines\Gauge-Csharp\Runner\MethodExecutor.cs:line 52
15:08:57.549 [DEBUG] Plugin [Html Report] with pid [18696] has exited
15:08:57.649 [INFO] Specifications: 	0 executed, 0 passed, 0 failed, 0 skipped
15:08:57.649 [INFO] Scenarios: 	0 executed, 0 passed, 0 failed, 0 skipped
15:08:57.649 [INFO] Total time taken: 232ms
15:15:34.517 [ERROR] Error Message: The file ../../chromedriver.exe does not exist. The driver can be downloaded at http://chromedriver.storage.googleapis.com/index.html
15:15:34.517 [ERROR] Stacktrace:    at OpenQA.Selenium.DriverService..ctor(String servicePath, Int32 port, String driverServiceExecutableName, Uri driverServiceDownloadUrl)
	   at OpenQA.Selenium.Chrome.ChromeDriver..ctor(String chromeDriverDirectory, ChromeOptions options)
	   at OpenQA.Selenium.Chrome.ChromeDriver..ctor(String chromeDriverDirectory)
	   at GaugeProjectTemplate.DriverFactory.Setup() in c:\Projects\Playground\gauge-automation-testing\BookListing\GaugeTest\DriverFactory.cs:line 23   at Gauge.CSharp.Runner.MethodExecutor.Execute(MethodInfo method, Object[] args) in c:\Program Files (x86)\Go Agent\pipelines\Gauge-Csharp\Runner\MethodExecutor.cs:line 52
15:15:34.591 [ERROR] Error Message: Object reference not set to an instance of an object.
15:15:34.591 [ERROR] Stacktrace:    at GaugeProjectTemplate.DriverFactory.TearDown() in c:\Projects\Playground\gauge-automation-testing\BookListing\GaugeTest\DriverFactory.cs:line 30   at Gauge.CSharp.Runner.MethodExecutor.Execute(MethodInfo method, Object[] args) in c:\Program Files (x86)\Go Agent\pipelines\Gauge-Csharp\Runner\MethodExecutor.cs:line 52
15:15:34.695 [DEBUG] Plugin [Html Report] with pid [18072] has exited
15:15:34.795 [INFO] Specifications: 	0 executed, 0 passed, 0 failed, 0 skipped
15:15:34.795 [INFO] Scenarios: 	0 executed, 0 passed, 0 failed, 0 skipped
15:15:34.795 [INFO] Total time taken: 247ms
15:17:09.398 [INFO] 1452172629398	addons.manager	DEBUG	Application has been upgraded
15:17:09.398 [INFO] 
15:17:09.410 [INFO] 1452172629411	addons.manager	DEBUG	Loaded provider scope for resource://gre/modules/addons/XPIProvider.jsm: ["XPIProvider"]
15:17:09.411 [INFO] 1452172629412	addons.manager	DEBUG	Loaded provider scope for resource://gre/modules/LightweightThemeManager.jsm: ["LightweightThemeManager"]
15:17:09.412 [INFO] 
15:17:09.413 [INFO] 1452172629413	addons.manager	DEBUG	Loaded provider scope for resource://gre/modules/addons/GMPProvider.jsm
15:17:09.413 [INFO] 
15:17:09.414 [INFO] 1452172629414	addons.manager	DEBUG	Loaded provider scope for resource://gre/modules/addons/PluginProvider.jsm
15:17:09.414 [INFO] 1452172629414	addons.manager	DEBUG	Starting provider: XPIProvider
15:17:09.414 [INFO] 1452172629415	addons.xpi	DEBUG	startup
15:17:09.414 [INFO] 
15:17:09.415 [INFO] 1452172629415	addons.xpi	INFO	Mapping fxdriver@googlecode.com to C:\Users\saffia.NEWMEDIALABS\AppData\Local\Temp\anonymous.0b7e69ea761242f191c87cd58a6be7e5.webdriver-profile\extensions\fxdriver@googlecode.com
15:17:09.415 [INFO] 
15:17:09.415 [INFO] 1452172629416	addons.xpi	INFO	SystemAddonInstallLocation directory is missing
15:17:09.416 [INFO] 1452172629416	addons.xpi	INFO	Mapping {972ce4c6-7e08-4474-a285-3208198ce6fd} to C:\Program Files (x86)\Mozilla Firefox\browser\extensions\{972ce4c6-7e08-4474-a285-3208198ce6fd}
15:17:09.416 [INFO] 
15:17:09.416 [INFO] 1452172629416	addons.xpi	DEBUG	Skipping unavailable install location app-system-share
15:17:09.416 [INFO] 1452172629417	addons.xpi	DEBUG	Skipping unavailable install location app-system-local
15:17:09.416 [INFO] 1452172629417	addons.xpi	INFO	Mapping fiddlerhook@fiddler2.com to C:\Program Files (x86)\Fiddler2\FiddlerHook
15:17:09.417 [INFO] 1452172629417	addons.xpi	DEBUG	checkForChanges
15:17:09.417 [INFO] 
15:17:09.417 [INFO] 1452172629417	addons.xpi	DEBUG	Loaded add-on state from prefs: {}
15:17:09.417 [INFO] 1452172629418	addons.xpi	DEBUG	New add-on fxdriver@googlecode.com in app-profile
15:17:09.417 [INFO] 
15:17:09.417 [INFO] 1452172629418	addons.xpi	DEBUG	getModTime: Recursive scan of fxdriver@googlecode.com
15:17:09.417 [INFO] 
15:17:09.421 [INFO] 1452172629421	addons.xpi	DEBUG	New add-on {972ce4c6-7e08-4474-a285-3208198ce6fd} in app-global
15:17:09.421 [INFO] 
15:17:09.421 [INFO] 1452172629421	addons.xpi	DEBUG	getModTime: Recursive scan of {972ce4c6-7e08-4474-a285-3208198ce6fd}
15:17:09.421 [INFO] 1452172629421	addons.xpi	DEBUG	New add-on fiddlerhook@fiddler2.com in winreg-app-global
15:17:09.421 [INFO] 1452172629422	addons.xpi	DEBUG	getModTime: Recursive scan of fiddlerhook@fiddler2.com
15:17:09.424 [INFO] 1452172629424	addons.xpi	DEBUG	getInstallState changed: true, state: {"app-profile":{"fxdriver@googlecode.com":{"d":"C:\\Users\\saffia.NEWMEDIALABS\\AppData\\Local\\Temp\\anonymous.0b7e69ea761242f191c87cd58a6be7e5.webdriver-profile\\extensions\\fxdriver@googlecode.com","st":1452172629065,"mt":1447849608000}},"app-global":{"{972ce4c6-7e08-4474-a285-3208198ce6fd}":{"d":"C:\\Program Files (x86)\\Mozilla Firefox\\browser\\extensions\\{972ce4c6-7e08-4474-a285-3208198ce6fd}","st":1450779332427,"mt":1450779332283}},"winreg-app-global":{"fiddlerhook@fiddler2.com":{"d":"C:\\Program Files (x86)\\Fiddler2\\FiddlerHook","st":1445843684079,"mt":1443213230000}}}
15:17:09.424 [INFO] 
15:17:09.429 [INFO] 1452172629429	addons.xpi-utils	DEBUG	Opening XPI database C:\Users\saffia.NEWMEDIALABS\AppData\Local\Temp\anonymous.0b7e69ea761242f191c87cd58a6be7e5.webdriver-profile\extensions.json
15:17:09.429 [INFO] 
15:17:09.429 [INFO] 1452172629430	addons.xpi-utils	DEBUG	New add-on fxdriver@googlecode.com installed in app-profile
15:17:09.429 [INFO] 
15:17:09.433 [INFO] *** Blocklist::_loadBlocklistFromFile: blocklist is disabled
15:17:09.433 [INFO] 
15:17:09.458 [INFO] 1452172629458	DeferredSave.extensions.json	DEBUG	Save changes
15:17:09.459 [INFO] 1452172629459	addons.xpi-utils	DEBUG	New add-on {972ce4c6-7e08-4474-a285-3208198ce6fd} installed in app-global
15:17:09.459 [INFO] 
15:17:09.465 [INFO] 1452172629466	DeferredSave.extensions.json	DEBUG	Starting timer
15:17:09.466 [INFO] 1452172629466	DeferredSave.extensions.json	DEBUG	Save changes
15:17:09.466 [INFO] 1452172629466	addons.xpi-utils	DEBUG	New add-on fiddlerhook@fiddler2.com installed in winreg-app-global
15:17:09.475 [INFO] 1452172629475	addons.xpi-utils	WARN	Disabling foreign installed add-on fiddlerhook@fiddler2.com in winreg-app-global
15:17:09.475 [INFO] 
15:17:09.475 [INFO] 1452172629475	DeferredSave.extensions.json	DEBUG	Save changes
15:17:09.475 [INFO] 1452172629475	addons.xpi-utils	INFO	Hiding the updated system add-ons.
15:17:09.475 [INFO] 
15:17:09.475 [INFO] 1452172629476	addons.manager	DEBUG	Registering startup change 'installed' for fxdriver@googlecode.com
15:17:09.475 [INFO] 1452172629476	addons.xpi-utils	DEBUG	Make addon app-profile:fxdriver@googlecode.com visible
15:17:09.476 [INFO] 1452172629476	DeferredSave.extensions.json	DEBUG	Save changes
15:17:09.476 [INFO] 1452172629476	addons.xpi-utils	DEBUG	Make addon app-global:{972ce4c6-7e08-4474-a285-3208198ce6fd} visible
15:17:09.476 [INFO] 1452172629476	DeferredSave.extensions.json	DEBUG	Save changes
15:17:09.476 [INFO] 1452172629476	addons.manager	DEBUG	Registering startup change 'installed' for fiddlerhook@fiddler2.com
15:17:09.476 [INFO] 
15:17:09.476 [INFO] 1452172629476	addons.xpi-utils	DEBUG	Make addon winreg-app-global:fiddlerhook@fiddler2.com visible
15:17:09.476 [INFO] 
15:17:09.476 [INFO] 1452172629476	DeferredSave.extensions.json	DEBUG	Save changes
15:17:09.477 [INFO] 1452172629477	addons.xpi	DEBUG	Updating XPIState for {"id":"fxdriver@googlecode.com","syncGUID":"j1xqPuXYdQv-","location":"app-profile","version":"2.48.0","type":"extension","internalName":null,"updateURL":null,"updateKey":null,"optionsURL":null,"optionsType":null,"aboutURL":null,"iconURL":null,"icon64URL":null,"defaultLocale":{"name":"Firefox WebDriver","description":"WebDriver implementation for Firefox","creator":"Simon Stewart","homepageURL":null},"visible":true,"active":true,"userDisabled":false,"appDisabled":false,"descriptor":"C:\\Users\\saffia.NEWMEDIALABS\\AppData\\Local\\Temp\\anonymous.0b7e69ea761242f191c87cd58a6be7e5.webdriver-profile\\extensions\\fxdriver@googlecode.com","installDate":1452172629065,"updateDate":1452172629065,"applyBackgroundUpdates":1,"bootstrap":false,"size":3222620,"sourceURI":null,"releaseNotesURI":null,"softDisabled":false,"foreignInstall":true,"hasBinaryComponents":true,"strictCompatibility":false,"locales":[],"targetApplications":[{"id":"{ec8030f7-c20a-464f-9b0e-13a3a9e97384}","minVersion":"3.0","maxVersion":"45.0"}],"targetPlatforms":[{"os":"Darwin","abi":null},{"os":"SunOS","abi":null},{"os":"FreeBSD","abi":null},{"os":"OpenBSD","abi":null},{"os":"WINNT","abi":"x86-msvc"},{"os":"Linux","abi":null}],"multiprocessCompatible":false,"signedState":0}
1452172629477	addons.xpi	DEBUG	getModTime: Recursive scan of fxdriver@googlecode.com
15:17:09.479 [INFO] 1452172629479	addons.xpi	DEBUG	Updating XPIState for {"id":"{972ce4c6-7e08-4474-a285-3208198ce6fd}","syncGUID":"WcrEQUJQYxRn","location":"app-global","version":"43.0.1","type":"theme","internalName":"classic/1.0","updateURL":null,"updateKey":null,"optionsURL":null,"optionsType":null,"aboutURL":null,"iconURL":null,"icon64URL":null,"defaultLocale":{"name":"Default","description":"The default theme.","creator":"Mozilla","homepageURL":null,"contributors":["Mozilla Contributors"]},"visible":true,"active":true,"userDisabled":false,"appDisabled":false,"descriptor":"C:\\Program Files (x86)\\Mozilla Firefox\\browser\\extensions\\{972ce4c6-7e08-4474-a285-3208198ce6fd}","installDate":1450779332427,"updateDate":1450779332427,"applyBackgroundUpdates":1,"skinnable":true,"size":24172,"sourceURI":null,"releaseNotesURI":null,"softDisabled":false,"foreignInstall":false,"hasBinaryComponents":false,"strictCompatibility":true,"locales":[],"targetApplications":[{"id":"{ec8030f7-c20a-464f-9b0e-13a3a9e97384}","minVersion":"43.0.1","maxVersion":"43.0.1"}],"targetPlatforms":[]}
15:17:09.479 [INFO] 
1452172629479	addons.xpi	DEBUG	getModTime: Recursive scan of {972ce4c6-7e08-4474-a285-3208198ce6fd}
15:17:09.479 [INFO] 1452172629479	addons.xpi	DEBUG	Updating XPIState for {"id":"fiddlerhook@fiddler2.com","syncGUID":"lYlSoQeD5h3n","location":"winreg-app-global","version":"2.6.0.4","type":"extension","internalName":null,"updateURL":null,"updateKey":null,"optionsURL":null,"optionsType":null,"aboutURL":"chrome://fiddlerhook/content/about.xul","iconURL":"chrome://fiddlerhook/content/fiddlerhook.png","icon64URL":null,"defaultLocale":{"name":"FiddlerHook","description":"Integrate Fiddler into Firefox","creator":"Telerik","homepageURL":"http://fiddler2.com/r/?FIDDLERHOOKHELP"},"visible":true,"active":false,"userDisabled":true,"appDisabled":false,"descriptor":"C:\\Program Files (x86)\\Fiddler2\\FiddlerHook","installDate":1445843684079,"updateDate":1445843684079,"applyBackgroundUpdates":1,"bootstrap":false,"size":33900,"sourceURI":null,"releaseNotesURI":null,"softDisabled":false,"foreignInstall":true,"hasBinaryComponents":false,"strictCompatibility":false,"locales":[],"targetApplications":[{"id":"{ec8030f7-c20a-464f-9b0e-13a3a9e97384}","minVersion":"4.0","maxVersion":"42.*"}],"targetPlatforms":[],"multiprocessCompatible":false,"signedState":0}
15:17:09.479 [INFO] 1452172629480	DeferredSave.extensions.json	DEBUG	Save changes
15:17:09.479 [INFO] 1452172629480	addons.xpi	DEBUG	Updating database with changes to installed add-ons
15:17:09.479 [INFO] 
15:17:09.479 [INFO] 1452172629480	addons.xpi-utils	DEBUG	Updating add-on states
15:17:09.480 [INFO] 1452172629480	addons.xpi-utils	DEBUG	Writing add-ons list
15:17:09.488 [INFO] 1452172629488	addons.manager	DEBUG	Registering shutdown blocker for XPIProvider
15:17:09.488 [INFO] 1452172629488	addons.manager	DEBUG	Provider finished startup: XPIProvider
15:17:09.488 [INFO] 1452172629488	addons.manager	DEBUG	Starting provider: LightweightThemeManager
15:17:09.488 [INFO] 1452172629488	addons.manager	DEBUG	Registering shutdown blocker for LightweightThemeManager
15:17:09.488 [INFO] 1452172629488	addons.manager	DEBUG	Provider finished startup: LightweightThemeManager
15:17:09.488 [INFO] 1452172629489	addons.manager	DEBUG	Starting provider: GMPProvider
15:17:09.492 [INFO] 1452172629492	addons.manager	DEBUG	Registering shutdown blocker for GMPProvider
15:17:09.492 [INFO] 1452172629492	addons.manager	DEBUG	Provider finished startup: GMPProvider
15:17:09.492 [INFO] 1452172629492	addons.manager	DEBUG	Starting provider: PluginProvider
15:17:09.492 [INFO] 
15:17:09.492 [INFO] 1452172629493	addons.manager	DEBUG	Registering shutdown blocker for PluginProvider
15:17:09.492 [INFO] 
15:17:09.492 [INFO] 1452172629493	addons.manager	DEBUG	Provider finished startup: PluginProvider
15:17:09.492 [INFO] 
15:17:09.492 [INFO] 1452172629493	addons.manager	DEBUG	Completed startup sequence
15:17:10.647 [INFO] 1452172630648	addons.manager	DEBUG	Starting provider: <unnamed-provider>
15:17:10.647 [INFO] 
1452172630648	addons.manager	DEBUG	Registering shutdown blocker for <unnamed-provider>
15:17:10.647 [INFO] 1452172630648	addons.manager	DEBUG	Provider finished startup: <unnamed-provider>
15:17:10.647 [INFO] 
15:17:10.730 [INFO] 1452172630730	DeferredSave.extensions.json	DEBUG	Starting write
15:17:10.871 [INFO] 1452172630872	addons.repository	DEBUG	No addons.json found.
15:17:10.871 [INFO] 1452172630872	DeferredSave.addons.json	DEBUG	Save changes
15:17:10.873 [INFO] 1452172630873	DeferredSave.addons.json	DEBUG	Starting timer
15:17:10.881 [INFO] 1452172630882	addons.manager	DEBUG	Starting provider: PreviousExperimentProvider
15:17:10.881 [INFO] 
1452172630882	addons.manager	DEBUG	Registering shutdown blocker for PreviousExperimentProvider
15:17:10.881 [INFO] 1452172630882	addons.manager	DEBUG	Provider finished startup: PreviousExperimentProvider
15:17:10.882 [INFO] 
15:17:10.887 [INFO] 1452172630888	DeferredSave.extensions.json	DEBUG	Write succeeded
15:17:10.887 [INFO] 
15:17:10.888 [INFO] 1452172630888	addons.xpi-utils	DEBUG	XPI Database saved, setting schema version preference to 17
15:17:10.888 [INFO] 
15:17:10.924 [INFO] 1452172630924	DeferredSave.addons.json	DEBUG	Starting write
15:17:10.933 [INFO] 1452172630933	DeferredSave.addons.json	DEBUG	Write succeeded
15:17:10.933 [INFO] 
15:17:13.421 [INFO] Executing specification: Landing Page
15:17:13.426 [INFO] Executing scenario: Correct text is on Landing Page
15:17:13.429 [DEBUG] Executing Step: * Go to home page
15:17:13.700 [DEBUG] Executing Step: * I see a "Hello Gauge" message
15:17:13.813 [DEBUG] Executing Step: * I see a "A simple app to facilitate Gauge automation testing." description
15:17:13.836 [DEBUG] Executing Step: * I see a "View Book Listing" link
15:17:14.007 [DEBUG] Plugin [Html Report] with pid [4320] has exited
15:17:14.107 [INFO] Specifications: 	1 executed, 1 passed, 0 failed, 0 skipped
15:17:14.107 [INFO] Scenarios: 	1 executed, 1 passed, 0 failed, 0 skipped
15:17:14.107 [INFO] Total time taken: 5.445s
15:17:22.001 [INFO] 1452172642002	addons.manager	DEBUG	Application has been upgraded
15:17:22.001 [INFO] 
15:17:22.009 [INFO] 1452172642010	addons.manager	DEBUG	Loaded provider scope for resource://gre/modules/addons/XPIProvider.jsm: ["XPIProvider"]
15:17:22.010 [INFO] 1452172642011	addons.manager	DEBUG	Loaded provider scope for resource://gre/modules/LightweightThemeManager.jsm: ["LightweightThemeManager"]
15:17:22.010 [INFO] 
15:17:22.012 [INFO] 1452172642012	addons.manager	DEBUG	Loaded provider scope for resource://gre/modules/addons/GMPProvider.jsm
15:17:22.012 [INFO] 
15:17:22.013 [INFO] 1452172642013	addons.manager	DEBUG	Loaded provider scope for resource://gre/modules/addons/PluginProvider.jsm
15:17:22.013 [INFO] 1452172642014	addons.manager	DEBUG	Starting provider: XPIProvider
15:17:22.013 [INFO] 1452172642014	addons.xpi	DEBUG	startup
15:17:22.013 [INFO] 
15:17:22.014 [INFO] 1452172642014	addons.xpi	INFO	Mapping fxdriver@googlecode.com to C:\Users\saffia.NEWMEDIALABS\AppData\Local\Temp\anonymous.071f65072d404f448985e6931c00740a.webdriver-profile\extensions\fxdriver@googlecode.com
15:17:22.014 [INFO] 
15:17:22.014 [INFO] 1452172642015	addons.xpi	INFO	SystemAddonInstallLocation directory is missing
15:17:22.015 [INFO] 1452172642015	addons.xpi	INFO	Mapping {972ce4c6-7e08-4474-a285-3208198ce6fd} to C:\Program Files (x86)\Mozilla Firefox\browser\extensions\{972ce4c6-7e08-4474-a285-3208198ce6fd}
15:17:22.015 [INFO] 
15:17:22.015 [INFO] 1452172642015	addons.xpi	DEBUG	Skipping unavailable install location app-system-share
15:17:22.015 [INFO] 1452172642016	addons.xpi	DEBUG	Skipping unavailable install location app-system-local
15:17:22.015 [INFO] 1452172642016	addons.xpi	INFO	Mapping fiddlerhook@fiddler2.com to C:\Program Files (x86)\Fiddler2\FiddlerHook
15:17:22.015 [INFO] 1452172642016	addons.xpi	DEBUG	checkForChanges
15:17:22.015 [INFO] 
15:17:22.016 [INFO] 1452172642016	addons.xpi	DEBUG	Loaded add-on state from prefs: {}
15:17:22.016 [INFO] 1452172642016	addons.xpi	DEBUG	New add-on fxdriver@googlecode.com in app-profile
15:17:22.016 [INFO] 
15:17:22.016 [INFO] 1452172642017	addons.xpi	DEBUG	getModTime: Recursive scan of fxdriver@googlecode.com
15:17:22.016 [INFO] 
15:17:22.019 [INFO] 1452172642020	addons.xpi	DEBUG	New add-on {972ce4c6-7e08-4474-a285-3208198ce6fd} in app-global
15:17:22.019 [INFO] 
15:17:22.019 [INFO] 1452172642020	addons.xpi	DEBUG	getModTime: Recursive scan of {972ce4c6-7e08-4474-a285-3208198ce6fd}
15:17:22.020 [INFO] 1452172642020	addons.xpi	DEBUG	New add-on fiddlerhook@fiddler2.com in winreg-app-global
15:17:22.020 [INFO] 1452172642020	addons.xpi	DEBUG	getModTime: Recursive scan of fiddlerhook@fiddler2.com
15:17:22.022 [INFO] 1452172642022	addons.xpi	DEBUG	getInstallState changed: true, state: {"app-profile":{"fxdriver@googlecode.com":{"d":"C:\\Users\\saffia.NEWMEDIALABS\\AppData\\Local\\Temp\\anonymous.071f65072d404f448985e6931c00740a.webdriver-profile\\extensions\\fxdriver@googlecode.com","st":1452172641868,"mt":1447849608000}},"app-global":{"{972ce4c6-7e08-4474-a285-3208198ce6fd}":{"d":"C:\\Program Files (x86)\\Mozilla Firefox\\browser\\extensions\\{972ce4c6-7e08-4474-a285-3208198ce6fd}","st":1450779332427,"mt":1450779332283}},"winreg-app-global":{"fiddlerhook@fiddler2.com":{"d":"C:\\Program Files (x86)\\Fiddler2\\FiddlerHook","st":1445843684079,"mt":1443213230000}}}
15:17:22.022 [INFO] 
15:17:22.026 [INFO] 1452172642027	addons.xpi-utils	DEBUG	Opening XPI database C:\Users\saffia.NEWMEDIALABS\AppData\Local\Temp\anonymous.071f65072d404f448985e6931c00740a.webdriver-profile\extensions.json
15:17:22.026 [INFO] 
15:17:22.027 [INFO] 1452172642027	addons.xpi-utils	DEBUG	New add-on fxdriver@googlecode.com installed in app-profile
15:17:22.027 [INFO] 
15:17:22.030 [INFO] *** Blocklist::_loadBlocklistFromFile: blocklist is disabled
15:17:22.030 [INFO] 
15:17:22.051 [INFO] 1452172642051	DeferredSave.extensions.json	DEBUG	Save changes
15:17:22.051 [INFO] 1452172642052	addons.xpi-utils	DEBUG	New add-on {972ce4c6-7e08-4474-a285-3208198ce6fd} installed in app-global
15:17:22.051 [INFO] 
15:17:22.053 [INFO] 1452172642054	DeferredSave.extensions.json	DEBUG	Starting timer
15:17:22.054 [INFO] 1452172642054	DeferredSave.extensions.json	DEBUG	Save changes
15:17:22.054 [INFO] 1452172642054	addons.xpi-utils	DEBUG	New add-on fiddlerhook@fiddler2.com installed in winreg-app-global
15:17:22.057 [INFO] 1452172642057	addons.xpi-utils	WARN	Disabling foreign installed add-on fiddlerhook@fiddler2.com in winreg-app-global
15:17:22.057 [INFO] 
15:17:22.057 [INFO] 1452172642058	DeferredSave.extensions.json	DEBUG	Save changes
15:17:22.057 [INFO] 1452172642058	addons.xpi-utils	INFO	Hiding the updated system add-ons.
15:17:22.057 [INFO] 
15:17:22.058 [INFO] 1452172642058	addons.manager	DEBUG	Registering startup change 'installed' for fxdriver@googlecode.com
15:17:22.058 [INFO] 1452172642058	addons.xpi-utils	DEBUG	Make addon app-profile:fxdriver@googlecode.com visible
15:17:22.058 [INFO] 1452172642058	DeferredSave.extensions.json	DEBUG	Save changes
15:17:22.058 [INFO] 1452172642058	addons.xpi-utils	DEBUG	Make addon app-global:{972ce4c6-7e08-4474-a285-3208198ce6fd} visible
15:17:22.058 [INFO] 1452172642058	DeferredSave.extensions.json	DEBUG	Save changes
15:17:22.058 [INFO] 1452172642058	addons.manager	DEBUG	Registering startup change 'installed' for fiddlerhook@fiddler2.com
15:17:22.058 [INFO] 1452172642059	addons.xpi-utils	DEBUG	Make addon winreg-app-global:fiddlerhook@fiddler2.com visible
15:17:22.058 [INFO] 
15:17:22.058 [INFO] 1452172642059	DeferredSave.extensions.json	DEBUG	Save changes
15:17:22.058 [INFO] 1452172642059	addons.xpi	DEBUG	Updating XPIState for {"id":"fxdriver@googlecode.com","syncGUID":"BX3gQQ3Ec09J","location":"app-profile","version":"2.48.0","type":"extension","internalName":null,"updateURL":null,"updateKey":null,"optionsURL":null,"optionsType":null,"aboutURL":null,"iconURL":null,"icon64URL":null,"defaultLocale":{"name":"Firefox WebDriver","description":"WebDriver implementation for Firefox","creator":"Simon Stewart","homepageURL":null},"visible":true,"active":true,"userDisabled":false,"appDisabled":false,"descriptor":"C:\\Users\\saffia.NEWMEDIALABS\\AppData\\Local\\Temp\\anonymous.071f65072d404f448985e6931c00740a.webdriver-profile\\extensions\\fxdriver@googlecode.com","installDate":1452172641868,"updateDate":1452172641868,"applyBackgroundUpdates":1,"bootstrap":false,"size":3222620,"sourceURI":null,"releaseNotesURI":null,"softDisabled":false,"foreignInstall":true,"hasBinaryComponents":true,"strictCompatibility":false,"locales":[],"targetApplications":[{"id":"{ec8030f7-c20a-464f-9b0e-13a3a9e97384}","minVersion":"3.0","maxVersion":"45.0"}],"targetPlatforms":[{"os":"Darwin","abi":null},{"os":"SunOS","abi":null},{"os":"FreeBSD","abi":null},{"os":"OpenBSD","abi":null},{"os":"WINNT","abi":"x86-msvc"},{"os":"Linux","abi":null}],"multiprocessCompatible":false,"signedState":0}
15:17:22.059 [INFO] 1452172642059	addons.xpi	DEBUG	getModTime: Recursive scan of fxdriver@googlecode.com
15:17:22.061 [INFO] 1452172642061	addons.xpi	DEBUG	Updating XPIState for {"id":"{972ce4c6-7e08-4474-a285-3208198ce6fd}","syncGUID":"4Nfngunz_QlV","location":"app-global","version":"43.0.1","type":"theme","internalName":"classic/1.0","updateURL":null,"updateKey":null,"optionsURL":null,"optionsType":null,"aboutURL":null,"iconURL":null,"icon64URL":null,"defaultLocale":{"name":"Default","description":"The default theme.","creator":"Mozilla","homepageURL":null,"contributors":["Mozilla Contributors"]},"visible":true,"active":true,"userDisabled":false,"appDisabled":false,"descriptor":"C:\\Program Files (x86)\\Mozilla Firefox\\browser\\extensions\\{972ce4c6-7e08-4474-a285-3208198ce6fd}","installDate":1450779332427,"updateDate":1450779332427,"applyBackgroundUpdates":1,"skinnable":true,"size":24172,"sourceURI":null,"releaseNotesURI":null,"softDisabled":false,"foreignInstall":false,"hasBinaryComponents":false,"strictCompatibility":true,"locales":[],"targetApplications":[{"id":"{ec8030f7-c20a-464f-9b0e-13a3a9e97384}","minVersion":"43.0.1","maxVersion":"43.0.1"}],"targetPlatforms":[]}
15:17:22.061 [INFO] 
1452172642061	addons.xpi	DEBUG	getModTime: Recursive scan of {972ce4c6-7e08-4474-a285-3208198ce6fd}
15:17:22.061 [INFO] 1452172642062	addons.xpi	DEBUG	Updating XPIState for {"id":"fiddlerhook@fiddler2.com","syncGUID":"m6efye-kDV4q","location":"winreg-app-global","version":"2.6.0.4","type":"extension","internalName":null,"updateURL":null,"updateKey":null,"optionsURL":null,"optionsType":null,"aboutURL":"chrome://fiddlerhook/content/about.xul","iconURL":"chrome://fiddlerhook/content/fiddlerhook.png","icon64URL":null,"defaultLocale":{"name":"FiddlerHook","description":"Integrate Fiddler into Firefox","creator":"Telerik","homepageURL":"http://fiddler2.com/r/?FIDDLERHOOKHELP"},"visible":true,"active":false,"userDisabled":true,"appDisabled":false,"descriptor":"C:\\Program Files (x86)\\Fiddler2\\FiddlerHook","installDate":1445843684079,"updateDate":1445843684079,"applyBackgroundUpdates":1,"bootstrap":false,"size":33900,"sourceURI":null,"releaseNotesURI":null,"softDisabled":false,"foreignInstall":true,"hasBinaryComponents":false,"strictCompatibility":false,"locales":[],"targetApplications":[{"id":"{ec8030f7-c20a-464f-9b0e-13a3a9e97384}","minVersion":"4.0","maxVersion":"42.*"}],"targetPlatforms":[],"multiprocessCompatible":false,"signedState":0}
15:17:22.061 [INFO] 1452172642062	DeferredSave.extensions.json	DEBUG	Save changes
15:17:22.061 [INFO] 1452172642062	addons.xpi	DEBUG	Updating database with changes to installed add-ons
15:17:22.061 [INFO] 1452172642062	addons.xpi-utils	DEBUG	Updating add-on states
15:17:22.062 [INFO] 1452172642062	addons.xpi-utils	DEBUG	Writing add-ons list
15:17:22.070 [INFO] 1452172642070	addons.manager	DEBUG	Registering shutdown blocker for XPIProvider
15:17:22.070 [INFO] 1452172642070	addons.manager	DEBUG	Provider finished startup: XPIProvider
15:17:22.070 [INFO] 1452172642070	addons.manager	DEBUG	Starting provider: LightweightThemeManager
15:17:22.070 [INFO] 1452172642070	addons.manager	DEBUG	Registering shutdown blocker for LightweightThemeManager
15:17:22.070 [INFO] 1452172642070	addons.manager	DEBUG	Provider finished startup: LightweightThemeManager
15:17:22.070 [INFO] 1452172642071	addons.manager	DEBUG	Starting provider: GMPProvider
15:17:22.073 [INFO] 1452172642074	addons.manager	DEBUG	Registering shutdown blocker for GMPProvider
15:17:22.073 [INFO] 1452172642074	addons.manager	DEBUG	Provider finished startup: GMPProvider
15:17:22.074 [INFO] 1452172642074	addons.manager	DEBUG	Starting provider: PluginProvider
15:17:22.074 [INFO] 
15:17:22.074 [INFO] 1452172642074	addons.manager	DEBUG	Registering shutdown blocker for PluginProvider
15:17:22.074 [INFO] 
15:17:22.074 [INFO] 1452172642074	addons.manager	DEBUG	Provider finished startup: PluginProvider
15:17:22.074 [INFO] 
15:17:22.074 [INFO] 1452172642074	addons.manager	DEBUG	Completed startup sequence
15:17:22.261 [INFO] 1452172642262	addons.manager	DEBUG	Starting provider: <unnamed-provider>
15:17:22.261 [INFO] 
1452172642262	addons.manager	DEBUG	Registering shutdown blocker for <unnamed-provider>
15:17:22.262 [INFO] 1452172642263	addons.manager	DEBUG	Provider finished startup: <unnamed-provider>
15:17:22.262 [INFO] 
15:17:22.340 [INFO] 1452172642340	DeferredSave.extensions.json	DEBUG	Starting write
15:17:22.512 [INFO] 1452172642513	addons.repository	DEBUG	No addons.json found.
15:17:22.513 [INFO] 1452172642513	DeferredSave.addons.json	DEBUG	Save changes
15:17:22.514 [INFO] 1452172642514	DeferredSave.addons.json	DEBUG	Starting timer
15:17:22.523 [INFO] 1452172642524	addons.manager	DEBUG	Starting provider: PreviousExperimentProvider
15:17:22.523 [INFO] 
1452172642524	addons.manager	DEBUG	Registering shutdown blocker for PreviousExperimentProvider
15:17:22.524 [INFO] 1452172642524	addons.manager	DEBUG	Provider finished startup: PreviousExperimentProvider
15:17:22.524 [INFO] 
15:17:22.525 [INFO] 1452172642525	DeferredSave.extensions.json	DEBUG	Write succeeded
15:17:22.525 [INFO] 
15:17:22.525 [INFO] 1452172642525	addons.xpi-utils	DEBUG	XPI Database saved, setting schema version preference to 17
15:17:22.525 [INFO] 
15:17:22.605 [INFO] 1452172642606	DeferredSave.addons.json	DEBUG	Starting write
15:17:22.611 [INFO] 1452172642612	DeferredSave.addons.json	DEBUG	Write succeeded
15:17:22.611 [INFO] 
15:17:24.966 [INFO] Executing specification: Book Listing
15:17:24.970 [INFO] Executing scenario: Search for a book (empty search)
15:17:24.973 [DEBUG] Executing Step: * Go to View Book Listing page
15:17:25.223 [DEBUG] Executing Step: * Search for book with title ""
15:17:25.460 [DEBUG] Executing Step: * The book "Code Complete 2" is listed
15:17:25.699 [DEBUG] Executing Step: * The book "The Mythical Man Month" is listed
15:17:25.916 [DEBUG] Executing Step: * The book "The Design of Everyday Things" is listed
15:17:26.273 [DEBUG] Plugin [Html Report] with pid [4856] has exited
15:17:26.373 [INFO] Specifications: 	1 executed, 1 passed, 0 failed, 0 skipped
15:17:26.373 [INFO] Scenarios: 	1 executed, 1 passed, 0 failed, 0 skipped
15:17:26.373 [INFO] Total time taken: 4.884s
15:17:28.148 [INFO] 1452172648148	addons.manager	DEBUG	Application has been upgraded
15:17:28.148 [INFO] 
15:17:28.156 [INFO] 1452172648156	addons.manager	DEBUG	Loaded provider scope for resource://gre/modules/addons/XPIProvider.jsm: ["XPIProvider"]
15:17:28.157 [INFO] 1452172648157	addons.manager	DEBUG	Loaded provider scope for resource://gre/modules/LightweightThemeManager.jsm: ["LightweightThemeManager"]
15:17:28.157 [INFO] 
15:17:28.159 [INFO] 1452172648159	addons.manager	DEBUG	Loaded provider scope for resource://gre/modules/addons/GMPProvider.jsm
15:17:28.159 [INFO] 
15:17:28.159 [INFO] 1452172648160	addons.manager	DEBUG	Loaded provider scope for resource://gre/modules/addons/PluginProvider.jsm
15:17:28.160 [INFO] 1452172648160	addons.manager	DEBUG	Starting provider: XPIProvider
15:17:28.160 [INFO] 1452172648160	addons.xpi	DEBUG	startup
15:17:28.160 [INFO] 
15:17:28.160 [INFO] 1452172648161	addons.xpi	INFO	Mapping fxdriver@googlecode.com to C:\Users\saffia.NEWMEDIALABS\AppData\Local\Temp\anonymous.40ece6dbf812416497f6c9c2b2c6f732.webdriver-profile\extensions\fxdriver@googlecode.com
15:17:28.160 [INFO] 
15:17:28.161 [INFO] 1452172648161	addons.xpi	INFO	SystemAddonInstallLocation directory is missing
15:17:28.161 [INFO] 1452172648162	addons.xpi	INFO	Mapping {972ce4c6-7e08-4474-a285-3208198ce6fd} to C:\Program Files (x86)\Mozilla Firefox\browser\extensions\{972ce4c6-7e08-4474-a285-3208198ce6fd}
15:17:28.161 [INFO] 
15:17:28.162 [INFO] 1452172648162	addons.xpi	DEBUG	Skipping unavailable install location app-system-share
15:17:28.162 [INFO] 1452172648162	addons.xpi	DEBUG	Skipping unavailable install location app-system-local
15:17:28.162 [INFO] 1452172648162	addons.xpi	INFO	Mapping fiddlerhook@fiddler2.com to C:\Program Files (x86)\Fiddler2\FiddlerHook
15:17:28.162 [INFO] 1452172648163	addons.xpi	DEBUG	checkForChanges
15:17:28.162 [INFO] 
15:17:28.162 [INFO] 1452172648163	addons.xpi	DEBUG	Loaded add-on state from prefs: {}
15:17:28.163 [INFO] 1452172648163	addons.xpi	DEBUG	New add-on fxdriver@googlecode.com in app-profile
15:17:28.163 [INFO] 
15:17:28.163 [INFO] 1452172648163	addons.xpi	DEBUG	getModTime: Recursive scan of fxdriver@googlecode.com
15:17:28.163 [INFO] 
15:17:28.166 [INFO] 1452172648166	addons.xpi	DEBUG	New add-on {972ce4c6-7e08-4474-a285-3208198ce6fd} in app-global
15:17:28.166 [INFO] 
15:17:28.166 [INFO] 1452172648166	addons.xpi	DEBUG	getModTime: Recursive scan of {972ce4c6-7e08-4474-a285-3208198ce6fd}
15:17:28.166 [INFO] 1452172648167	addons.xpi	DEBUG	New add-on fiddlerhook@fiddler2.com in winreg-app-global
15:17:28.166 [INFO] 1452172648167	addons.xpi	DEBUG	getModTime: Recursive scan of fiddlerhook@fiddler2.com
15:17:28.168 [INFO] 1452172648169	addons.xpi	DEBUG	getInstallState changed: true, state: {"app-profile":{"fxdriver@googlecode.com":{"d":"C:\\Users\\saffia.NEWMEDIALABS\\AppData\\Local\\Temp\\anonymous.40ece6dbf812416497f6c9c2b2c6f732.webdriver-profile\\extensions\\fxdriver@googlecode.com","st":1452172648014,"mt":1447849608000}},"app-global":{"{972ce4c6-7e08-4474-a285-3208198ce6fd}":{"d":"C:\\Program Files (x86)\\Mozilla Firefox\\browser\\extensions\\{972ce4c6-7e08-4474-a285-3208198ce6fd}","st":1450779332427,"mt":1450779332283}},"winreg-app-global":{"fiddlerhook@fiddler2.com":{"d":"C:\\Program Files (x86)\\Fiddler2\\FiddlerHook","st":1445843684079,"mt":1443213230000}}}
15:17:28.169 [INFO] 
15:17:28.173 [INFO] 1452172648173	addons.xpi-utils	DEBUG	Opening XPI database C:\Users\saffia.NEWMEDIALABS\AppData\Local\Temp\anonymous.40ece6dbf812416497f6c9c2b2c6f732.webdriver-profile\extensions.json
15:17:28.173 [INFO] 
15:17:28.173 [INFO] 1452172648174	addons.xpi-utils	DEBUG	New add-on fxdriver@googlecode.com installed in app-profile
15:17:28.173 [INFO] 
15:17:28.177 [INFO] *** Blocklist::_loadBlocklistFromFile: blocklist is disabled
15:17:28.177 [INFO] 
15:17:28.201 [INFO] 1452172648201	DeferredSave.extensions.json	DEBUG	Save changes
15:17:28.201 [INFO] 1452172648202	addons.xpi-utils	DEBUG	New add-on {972ce4c6-7e08-4474-a285-3208198ce6fd} installed in app-global
15:17:28.201 [INFO] 
15:17:28.203 [INFO] 1452172648204	DeferredSave.extensions.json	DEBUG	Starting timer
15:17:28.204 [INFO] 1452172648204	DeferredSave.extensions.json	DEBUG	Save changes
15:17:28.204 [INFO] 1452172648204	addons.xpi-utils	DEBUG	New add-on fiddlerhook@fiddler2.com installed in winreg-app-global
15:17:28.207 [INFO] 1452172648207	addons.xpi-utils	WARN	Disabling foreign installed add-on fiddlerhook@fiddler2.com in winreg-app-global
15:17:28.207 [INFO] 
15:17:28.207 [INFO] 1452172648208	DeferredSave.extensions.json	DEBUG	Save changes
15:17:28.207 [INFO] 1452172648208	addons.xpi-utils	INFO	Hiding the updated system add-ons.
15:17:28.207 [INFO] 
15:17:28.207 [INFO] 1452172648208	addons.manager	DEBUG	Registering startup change 'installed' for fxdriver@googlecode.com
15:17:28.207 [INFO] 1452172648208	addons.xpi-utils	DEBUG	Make addon app-profile:fxdriver@googlecode.com visible
15:17:28.207 [INFO] 1452172648208	DeferredSave.extensions.json	DEBUG	Save changes
15:17:28.208 [INFO] 1452172648208	addons.xpi-utils	DEBUG	Make addon app-global:{972ce4c6-7e08-4474-a285-3208198ce6fd} visible
15:17:28.208 [INFO] 1452172648208	DeferredSave.extensions.json	DEBUG	Save changes
15:17:28.208 [INFO] 1452172648208	addons.manager	DEBUG	Registering startup change 'installed' for fiddlerhook@fiddler2.com
15:17:28.208 [INFO] 
15:17:28.208 [INFO] 1452172648209	addons.xpi-utils	DEBUG	Make addon winreg-app-global:fiddlerhook@fiddler2.com visible
15:17:28.208 [INFO] 
15:17:28.208 [INFO] 1452172648209	DeferredSave.extensions.json	DEBUG	Save changes
15:17:28.208 [INFO] 1452172648209	addons.xpi	DEBUG	Updating XPIState for {"id":"fxdriver@googlecode.com","syncGUID":"hBxCSRnWWUuy","location":"app-profile","version":"2.48.0","type":"extension","internalName":null,"updateURL":null,"updateKey":null,"optionsURL":null,"optionsType":null,"aboutURL":null,"iconURL":null,"icon64URL":null,"defaultLocale":{"name":"Firefox WebDriver","description":"WebDriver implementation for Firefox","creator":"Simon Stewart","homepageURL":null},"visible":true,"active":true,"userDisabled":false,"appDisabled":false,"descriptor":"C:\\Users\\saffia.NEWMEDIALABS\\AppData\\Local\\Temp\\anonymous.40ece6dbf812416497f6c9c2b2c6f732.webdriver-profile\\extensions\\fxdriver@googlecode.com","installDate":1452172648014,"updateDate":1452172648014,"applyBackgroundUpdates":1,"bootstrap":false,"size":3222620,"sourceURI":null,"releaseNotesURI":null,"softDisabled":false,"foreignInstall":true,"hasBinaryComponents":true,"strictCompatibility":false,"locales":[],"targetApplications":[{"id":"{ec8030f7-c20a-464f-9b0e-13a3a9e97384}","minVersion":"3.0","maxVersion":"45.0"}],"targetPlatforms":[{"os":"Darwin","abi":null},{"os":"SunOS","abi":null},{"os":"FreeBSD","abi":null},{"os":"OpenBSD","abi":null},{"os":"WINNT","abi":"x86-msvc"},{"os":"Linux","abi":null}],"multiprocessCompatible":false,"signedState":0}
15:17:28.208 [INFO] 1452172648209	addons.xpi	DEBUG	getModTime: Recursive scan of fxdriver@googlecode.com
15:17:28.210 [INFO] 1452172648211	addons.xpi	DEBUG	Updating XPIState for {"id":"{972ce4c6-7e08-4474-a285-3208198ce6fd}","syncGUID":"Nvs8ALgPkMcH","location":"app-global","version":"43.0.1","type":"theme","internalName":"classic/1.0","updateURL":null,"updateKey":null,"optionsURL":null,"optionsType":null,"aboutURL":null,"iconURL":null,"icon64URL":null,"defaultLocale":{"name":"Default","description":"The default theme.","creator":"Mozilla","homepageURL":null,"contributors":["Mozilla Contributors"]},"visible":true,"active":true,"userDisabled":false,"appDisabled":false,"descriptor":"C:\\Program Files (x86)\\Mozilla Firefox\\browser\\extensions\\{972ce4c6-7e08-4474-a285-3208198ce6fd}","installDate":1450779332427,"updateDate":1450779332427,"applyBackgroundUpdates":1,"skinnable":true,"size":24172,"sourceURI":null,"releaseNotesURI":null,"softDisabled":false,"foreignInstall":false,"hasBinaryComponents":false,"strictCompatibility":true,"locales":[],"targetApplications":[{"id":"{ec8030f7-c20a-464f-9b0e-13a3a9e97384}","minVersion":"43.0.1","maxVersion":"43.0.1"}],"targetPlatforms":[]}
15:17:28.210 [INFO] 
1452172648211	addons.xpi	DEBUG	getModTime: Recursive scan of {972ce4c6-7e08-4474-a285-3208198ce6fd}
15:17:28.211 [INFO] 1452172648211	addons.xpi	DEBUG	Updating XPIState for {"id":"fiddlerhook@fiddler2.com","syncGUID":"u6Om4s51559x","location":"winreg-app-global","version":"2.6.0.4","type":"extension","internalName":null,"updateURL":null,"updateKey":null,"optionsURL":null,"optionsType":null,"aboutURL":"chrome://fiddlerhook/content/about.xul","iconURL":"chrome://fiddlerhook/content/fiddlerhook.png","icon64URL":null,"defaultLocale":{"name":"FiddlerHook","description":"Integrate Fiddler into Firefox","creator":"Telerik","homepageURL":"http://fiddler2.com/r/?FIDDLERHOOKHELP"},"visible":true,"active":false,"userDisabled":true,"appDisabled":false,"descriptor":"C:\\Program Files (x86)\\Fiddler2\\FiddlerHook","installDate":1445843684079,"updateDate":1445843684079,"applyBackgroundUpdates":1,"bootstrap":false,"size":33900,"sourceURI":null,"releaseNotesURI":null,"softDisabled":false,"foreignInstall":true,"hasBinaryComponents":false,"strictCompatibility":false,"locales":[],"targetApplications":[{"id":"{ec8030f7-c20a-464f-9b0e-13a3a9e97384}","minVersion":"4.0","maxVersion":"42.*"}],"targetPlatforms":[],"multiprocessCompatible":false,"signedState":0}
15:17:28.211 [INFO] 1452172648212	DeferredSave.extensions.json	DEBUG	Save changes
15:17:28.211 [INFO] 1452172648212	addons.xpi	DEBUG	Updating database with changes to installed add-ons
15:17:28.211 [INFO] 
1452172648212	addons.xpi-utils	DEBUG	Updating add-on states
15:17:28.212 [INFO] 1452172648212	addons.xpi-utils	DEBUG	Writing add-ons list
15:17:28.220 [INFO] 1452172648220	addons.manager	DEBUG	Registering shutdown blocker for XPIProvider
15:17:28.220 [INFO] 1452172648221	addons.manager	DEBUG	Provider finished startup: XPIProvider
15:17:28.220 [INFO] 1452172648221	addons.manager	DEBUG	Starting provider: LightweightThemeManager
15:17:28.220 [INFO] 1452172648221	addons.manager	DEBUG	Registering shutdown blocker for LightweightThemeManager
15:17:28.220 [INFO] 1452172648221	addons.manager	DEBUG	Provider finished startup: LightweightThemeManager
15:17:28.221 [INFO] 1452172648221	addons.manager	DEBUG	Starting provider: GMPProvider
15:17:28.224 [INFO] 1452172648224	addons.manager	DEBUG	Registering shutdown blocker for GMPProvider
15:17:28.224 [INFO] 1452172648224	addons.manager	DEBUG	Provider finished startup: GMPProvider
15:17:28.224 [INFO] 1452172648224	addons.manager	DEBUG	Starting provider: PluginProvider
15:17:28.224 [INFO] 1452172648224	addons.manager	DEBUG	Registering shutdown blocker for PluginProvider
15:17:28.224 [INFO] 
15:17:28.224 [INFO] 1452172648225	addons.manager	DEBUG	Provider finished startup: PluginProvider
15:17:28.224 [INFO] 
15:17:28.224 [INFO] 1452172648225	addons.manager	DEBUG	Completed startup sequence
15:17:28.423 [INFO] 1452172648423	addons.manager	DEBUG	Starting provider: <unnamed-provider>
15:17:28.423 [INFO] 
1452172648423	addons.manager	DEBUG	Registering shutdown blocker for <unnamed-provider>
15:17:28.423 [INFO] 1452172648424	addons.manager	DEBUG	Provider finished startup: <unnamed-provider>
15:17:28.423 [INFO] 
15:17:28.522 [INFO] 1452172648523	DeferredSave.extensions.json	DEBUG	Starting write
15:17:28.699 [INFO] 1452172648700	addons.repository	DEBUG	No addons.json found.
15:17:28.700 [INFO] 1452172648700	DeferredSave.addons.json	DEBUG	Save changes
15:17:28.701 [INFO] 1452172648702	DeferredSave.addons.json	DEBUG	Starting timer
15:17:28.710 [INFO] 1452172648711	addons.manager	DEBUG	Starting provider: PreviousExperimentProvider
15:17:28.710 [INFO] 
1452172648711	addons.manager	DEBUG	Registering shutdown blocker for PreviousExperimentProvider
15:17:28.710 [INFO] 1452172648711	addons.manager	DEBUG	Provider finished startup: PreviousExperimentProvider
15:17:28.710 [INFO] 
15:17:28.716 [INFO] 1452172648717	DeferredSave.extensions.json	DEBUG	Write succeeded
15:17:28.716 [INFO] 
15:17:28.716 [INFO] 1452172648717	addons.xpi-utils	DEBUG	XPI Database saved, setting schema version preference to 17
15:17:28.716 [INFO] 
15:17:28.766 [INFO] 1452172648766	DeferredSave.addons.json	DEBUG	Starting write
15:17:28.771 [INFO] 1452172648771	DeferredSave.addons.json	DEBUG	Write succeeded
15:17:28.771 [INFO] 
15:17:31.142 [INFO] Executing specification: Book Listing
15:17:31.146 [INFO] Executing scenario: List books (books are not listed)
15:17:31.149 [DEBUG] Executing Step: * Go to View Book Listing page
15:17:31.385 [DEBUG] Executing Step: * Check that the following books are not listed 
     |Title         |Author       |
     |--------------|-------------|
     |Go Programming|John P. Baugh|
     |The Way to Go |Ivo Balbaert |
15:18:02.150 [DEBUG] Plugin [Html Report] with pid [12756] has exited
15:18:02.250 [INFO] Specifications: 	1 executed, 1 passed, 0 failed, 0 skipped
15:18:02.250 [INFO] Scenarios: 	1 executed, 1 passed, 0 failed, 0 skipped
15:18:02.250 [INFO] Total time taken: 34.6s
15:18:04.030 [INFO] 1452172684030	addons.manager	DEBUG	Application has been upgraded
15:18:04.030 [INFO] 
15:18:04.037 [INFO] 1452172684038	addons.manager	DEBUG	Loaded provider scope for resource://gre/modules/addons/XPIProvider.jsm: ["XPIProvider"]
15:18:04.039 [INFO] 1452172684039	addons.manager	DEBUG	Loaded provider scope for resource://gre/modules/LightweightThemeManager.jsm: ["LightweightThemeManager"]
15:18:04.039 [INFO] 
15:18:04.040 [INFO] 1452172684040	addons.manager	DEBUG	Loaded provider scope for resource://gre/modules/addons/GMPProvider.jsm
15:18:04.040 [INFO] 
15:18:04.041 [INFO] 1452172684041	addons.manager	DEBUG	Loaded provider scope for resource://gre/modules/addons/PluginProvider.jsm
15:18:04.041 [INFO] 1452172684041	addons.manager	DEBUG	Starting provider: XPIProvider
15:18:04.041 [INFO] 1452172684042	addons.xpi	DEBUG	startup
15:18:04.041 [INFO] 
15:18:04.042 [INFO] 1452172684042	addons.xpi	INFO	Mapping fxdriver@googlecode.com to C:\Users\saffia.NEWMEDIALABS\AppData\Local\Temp\anonymous.b2ca356789884b93951fdac6c34b2c32.webdriver-profile\extensions\fxdriver@googlecode.com
15:18:04.042 [INFO] 
15:18:04.042 [INFO] 1452172684042	addons.xpi	INFO	SystemAddonInstallLocation directory is missing
15:18:04.043 [INFO] 1452172684043	addons.xpi	INFO	Mapping {972ce4c6-7e08-4474-a285-3208198ce6fd} to C:\Program Files (x86)\Mozilla Firefox\browser\extensions\{972ce4c6-7e08-4474-a285-3208198ce6fd}
15:18:04.043 [INFO] 
15:18:04.043 [INFO] 1452172684043	addons.xpi	DEBUG	Skipping unavailable install location app-system-share
15:18:04.043 [INFO] 1452172684043	addons.xpi	DEBUG	Skipping unavailable install location app-system-local
15:18:04.043 [INFO] 1452172684044	addons.xpi	INFO	Mapping fiddlerhook@fiddler2.com to C:\Program Files (x86)\Fiddler2\FiddlerHook
15:18:04.044 [INFO] 1452172684044	addons.xpi	DEBUG	checkForChanges
15:18:04.044 [INFO] 
15:18:04.044 [INFO] 1452172684044	addons.xpi	DEBUG	Loaded add-on state from prefs: {}
15:18:04.044 [INFO] 1452172684044	addons.xpi	DEBUG	New add-on fxdriver@googlecode.com in app-profile
15:18:04.044 [INFO] 
15:18:04.044 [INFO] 1452172684045	addons.xpi	DEBUG	getModTime: Recursive scan of fxdriver@googlecode.com
15:18:04.044 [INFO] 
15:18:04.048 [INFO] 1452172684048	addons.xpi	DEBUG	New add-on {972ce4c6-7e08-4474-a285-3208198ce6fd} in app-global
15:18:04.048 [INFO] 
15:18:04.048 [INFO] 1452172684048	addons.xpi	DEBUG	getModTime: Recursive scan of {972ce4c6-7e08-4474-a285-3208198ce6fd}
15:18:04.048 [INFO] 1452172684048	addons.xpi	DEBUG	New add-on fiddlerhook@fiddler2.com in winreg-app-global
15:18:04.049 [INFO] 1452172684049	addons.xpi	DEBUG	getModTime: Recursive scan of fiddlerhook@fiddler2.com
15:18:04.051 [INFO] 1452172684051	addons.xpi	DEBUG	getInstallState changed: true, state: {"app-profile":{"fxdriver@googlecode.com":{"d":"C:\\Users\\saffia.NEWMEDIALABS\\AppData\\Local\\Temp\\anonymous.b2ca356789884b93951fdac6c34b2c32.webdriver-profile\\extensions\\fxdriver@googlecode.com","st":1452172683897,"mt":1447849608000}},"app-global":{"{972ce4c6-7e08-4474-a285-3208198ce6fd}":{"d":"C:\\Program Files (x86)\\Mozilla Firefox\\browser\\extensions\\{972ce4c6-7e08-4474-a285-3208198ce6fd}","st":1450779332427,"mt":1450779332283}},"winreg-app-global":{"fiddlerhook@fiddler2.com":{"d":"C:\\Program Files (x86)\\Fiddler2\\FiddlerHook","st":1445843684079,"mt":1443213230000}}}
15:18:04.051 [INFO] 
15:18:04.056 [INFO] 1452172684056	addons.xpi-utils	DEBUG	Opening XPI database C:\Users\saffia.NEWMEDIALABS\AppData\Local\Temp\anonymous.b2ca356789884b93951fdac6c34b2c32.webdriver-profile\extensions.json
15:18:04.056 [INFO] 
15:18:04.057 [INFO] 1452172684057	addons.xpi-utils	DEBUG	New add-on fxdriver@googlecode.com installed in app-profile
15:18:04.057 [INFO] 
15:18:04.060 [INFO] *** Blocklist::_loadBlocklistFromFile: blocklist is disabled
15:18:04.060 [INFO] 
15:18:04.082 [INFO] 1452172684083	DeferredSave.extensions.json	DEBUG	Save changes
15:18:04.083 [INFO] 1452172684084	addons.xpi-utils	DEBUG	New add-on {972ce4c6-7e08-4474-a285-3208198ce6fd} installed in app-global
15:18:04.083 [INFO] 
15:18:04.085 [INFO] 1452172684086	DeferredSave.extensions.json	DEBUG	Starting timer
15:18:04.085 [INFO] 1452172684086	DeferredSave.extensions.json	DEBUG	Save changes
15:18:04.086 [INFO] 1452172684086	addons.xpi-utils	DEBUG	New add-on fiddlerhook@fiddler2.com installed in winreg-app-global
15:18:04.089 [INFO] 1452172684089	addons.xpi-utils	WARN	Disabling foreign installed add-on fiddlerhook@fiddler2.com in winreg-app-global
15:18:04.089 [INFO] 
15:18:04.089 [INFO] 1452172684090	DeferredSave.extensions.json	DEBUG	Save changes
15:18:04.089 [INFO] 1452172684090	addons.xpi-utils	INFO	Hiding the updated system add-ons.
15:18:04.089 [INFO] 
15:18:04.089 [INFO] 1452172684090	addons.manager	DEBUG	Registering startup change 'installed' for fxdriver@googlecode.com
15:18:04.089 [INFO] 1452172684090	addons.xpi-utils	DEBUG	Make addon app-profile:fxdriver@googlecode.com visible
15:18:04.089 [INFO] 1452172684090	DeferredSave.extensions.json	DEBUG	Save changes
15:18:04.089 [INFO] 1452172684090	addons.xpi-utils	DEBUG	Make addon app-global:{972ce4c6-7e08-4474-a285-3208198ce6fd} visible
15:18:04.090 [INFO] 1452172684090	DeferredSave.extensions.json	DEBUG	Save changes
15:18:04.090 [INFO] 1452172684091	addons.manager	DEBUG	Registering startup change 'installed' for fiddlerhook@fiddler2.com
15:18:04.090 [INFO] 
15:18:04.090 [INFO] 1452172684091	addons.xpi-utils	DEBUG	Make addon winreg-app-global:fiddlerhook@fiddler2.com visible
15:18:04.090 [INFO] 
15:18:04.090 [INFO] 1452172684091	DeferredSave.extensions.json	DEBUG	Save changes
15:18:04.090 [INFO] 1452172684091	addons.xpi	DEBUG	Updating XPIState for {"id":"fxdriver@googlecode.com","syncGUID":"arZvY_BQy6CN","location":"app-profile","version":"2.48.0","type":"extension","internalName":null,"updateURL":null,"updateKey":null,"optionsURL":null,"optionsType":null,"aboutURL":null,"iconURL":null,"icon64URL":null,"defaultLocale":{"name":"Firefox WebDriver","description":"WebDriver implementation for Firefox","creator":"Simon Stewart","homepageURL":null},"visible":true,"active":true,"userDisabled":false,"appDisabled":false,"descriptor":"C:\\Users\\saffia.NEWMEDIALABS\\AppData\\Local\\Temp\\anonymous.b2ca356789884b93951fdac6c34b2c32.webdriver-profile\\extensions\\fxdriver@googlecode.com","installDate":1452172683897,"updateDate":1452172683897,"applyBackgroundUpdates":1,"bootstrap":false,"size":3222620,"sourceURI":null,"releaseNotesURI":null,"softDisabled":false,"foreignInstall":true,"hasBinaryComponents":true,"strictCompatibility":false,"locales":[],"targetApplications":[{"id":"{ec8030f7-c20a-464f-9b0e-13a3a9e97384}","minVersion":"3.0","maxVersion":"45.0"}],"targetPlatforms":[{"os":"Darwin","abi":null},{"os":"SunOS","abi":null},{"os":"FreeBSD","abi":null},{"os":"OpenBSD","abi":null},{"os":"WINNT","abi":"x86-msvc"},{"os":"Linux","abi":null}],"multiprocessCompatible":false,"signedState":0}
15:18:04.090 [INFO] 1452172684091	addons.xpi	DEBUG	getModTime: Recursive scan of fxdriver@googlecode.com
15:18:04.092 [INFO] 1452172684093	addons.xpi	DEBUG	Updating XPIState for {"id":"{972ce4c6-7e08-4474-a285-3208198ce6fd}","syncGUID":"Z8Ei-AcxOGUb","location":"app-global","version":"43.0.1","type":"theme","internalName":"classic/1.0","updateURL":null,"updateKey":null,"optionsURL":null,"optionsType":null,"aboutURL":null,"iconURL":null,"icon64URL":null,"defaultLocale":{"name":"Default","description":"The default theme.","creator":"Mozilla","homepageURL":null,"contributors":["Mozilla Contributors"]},"visible":true,"active":true,"userDisabled":false,"appDisabled":false,"descriptor":"C:\\Program Files (x86)\\Mozilla Firefox\\browser\\extensions\\{972ce4c6-7e08-4474-a285-3208198ce6fd}","installDate":1450779332427,"updateDate":1450779332427,"applyBackgroundUpdates":1,"skinnable":true,"size":24172,"sourceURI":null,"releaseNotesURI":null,"softDisabled":false,"foreignInstall":false,"hasBinaryComponents":false,"strictCompatibility":true,"locales":[],"targetApplications":[{"id":"{ec8030f7-c20a-464f-9b0e-13a3a9e97384}","minVersion":"43.0.1","maxVersion":"43.0.1"}],"targetPlatforms":[]}
15:18:04.093 [INFO] 
1452172684093	addons.xpi	DEBUG	getModTime: Recursive scan of {972ce4c6-7e08-4474-a285-3208198ce6fd}
1452172684094	addons.xpi	DEBUG	Updating XPIState for {"id":"fiddlerhook@fiddler2.com","syncGUID":"6Z6eLJntUjY8","location":"winreg-app-global","version":"2.6.0.4","type":"extension","internalName":null,"updateURL":null,"updateKey":null,"optionsURL":null,"optionsType":null,"aboutURL":"chrome://fiddlerhook/content/about.xul","iconURL":"chrome://fiddlerhook/content/fiddlerhook.png","icon64URL":null,"defaultLocale":{"name":"FiddlerHook","description":"Integrate Fiddler into Firefox","creator":"Telerik","homepageURL":"http://fiddler2.com/r/?FIDDLERHOOKHELP"},"visible":true,"active":false,"userDisabled":true,"appDisabled":false,"descriptor":"C:\\Program Files (x86)\\Fiddler2\\FiddlerHook","installDate":1445843684079,"updateDate":1445843684079,"applyBackgroundUpdates":1,"bootstrap":false,"size":33900,"sourceURI":null,"releaseNotesURI":null,"softDisabled":false,"foreignInstall":true,"hasBinaryComponents":false,"strictCompatibility":false,"locales":[],"targetApplications":[{"id":"{ec8030f7-c20a-464f-9b0e-13a3a9e97384}","minVersion":"4.0","maxVersion":"42.*"}],"targetPlatforms":[],"multiprocessCompatible":false,"signedState":0}
15:18:04.093 [INFO] 1452172684094	DeferredSave.extensions.json	DEBUG	Save changes
15:18:04.093 [INFO] 1452172684094	addons.xpi	DEBUG	Updating database with changes to installed add-ons
15:18:04.093 [INFO] 
1452172684094	addons.xpi-utils	DEBUG	Updating add-on states
15:18:04.094 [INFO] 1452172684094	addons.xpi-utils	DEBUG	Writing add-ons list
15:18:04.101 [INFO] 1452172684102	addons.manager	DEBUG	Registering shutdown blocker for XPIProvider
15:18:04.102 [INFO] 1452172684102	addons.manager	DEBUG	Provider finished startup: XPIProvider
15:18:04.102 [INFO] 1452172684103	addons.manager	DEBUG	Starting provider: LightweightThemeManager
15:18:04.102 [INFO] 1452172684103	addons.manager	DEBUG	Registering shutdown blocker for LightweightThemeManager
15:18:04.102 [INFO] 1452172684103	addons.manager	DEBUG	Provider finished startup: LightweightThemeManager
15:18:04.102 [INFO] 1452172684103	addons.manager	DEBUG	Starting provider: GMPProvider
15:18:04.105 [INFO] 1452172684106	addons.manager	DEBUG	Registering shutdown blocker for GMPProvider
15:18:04.105 [INFO] 1452172684106	addons.manager	DEBUG	Provider finished startup: GMPProvider
15:18:04.105 [INFO] 1452172684106	addons.manager	DEBUG	Starting provider: PluginProvider
15:18:04.106 [INFO] 1452172684106	addons.manager	DEBUG	Registering shutdown blocker for PluginProvider
15:18:04.106 [INFO] 
15:18:04.106 [INFO] 1452172684106	addons.manager	DEBUG	Provider finished startup: PluginProvider
15:18:04.106 [INFO] 
15:18:04.106 [INFO] 1452172684107	addons.manager	DEBUG	Completed startup sequence
15:18:04.307 [INFO] 1452172684307	addons.manager	DEBUG	Starting provider: <unnamed-provider>
15:18:04.307 [INFO] 
1452172684307	addons.manager	DEBUG	Registering shutdown blocker for <unnamed-provider>
15:18:04.307 [INFO] 1452172684307	addons.manager	DEBUG	Provider finished startup: <unnamed-provider>
15:18:04.307 [INFO] 
15:18:04.407 [INFO] 1452172684408	DeferredSave.extensions.json	DEBUG	Starting write
15:18:04.586 [INFO] 1452172684586	addons.repository	DEBUG	No addons.json found.
15:18:04.586 [INFO] 1452172684587	DeferredSave.addons.json	DEBUG	Save changes
15:18:04.587 [INFO] 1452172684588	DeferredSave.addons.json	DEBUG	Starting timer
15:18:04.596 [INFO] 1452172684596	addons.manager	DEBUG	Starting provider: PreviousExperimentProvider
15:18:04.596 [INFO] 
1452172684596	addons.manager	DEBUG	Registering shutdown blocker for PreviousExperimentProvider
15:18:04.596 [INFO] 1452172684597	addons.manager	DEBUG	Provider finished startup: PreviousExperimentProvider
15:18:04.596 [INFO] 
15:18:04.598 [INFO] 1452172684599	DeferredSave.extensions.json	DEBUG	Write succeeded
15:18:04.598 [INFO] 
15:18:04.598 [INFO] 1452172684599	addons.xpi-utils	DEBUG	XPI Database saved, setting schema version preference to 17
15:18:04.598 [INFO] 
15:18:04.646 [INFO] 1452172684646	DeferredSave.addons.json	DEBUG	Starting write
15:18:04.759 [INFO] 1452172684759	DeferredSave.addons.json	DEBUG	Write succeeded
15:18:04.759 [INFO] 
15:18:07.031 [INFO] Executing specification: Book Listing
15:18:07.035 [INFO] Executing scenario: List books (all books are listed)
15:18:07.038 [DEBUG] Executing Step: * Go to View Book Listing page
15:18:07.284 [DEBUG] Executing Step: * Check that the following books are listed <table:bookData.csv>
15:18:08.402 [DEBUG] Plugin [Html Report] with pid [17092] has exited
15:18:08.503 [INFO] Specifications: 	1 executed, 1 passed, 0 failed, 0 skipped
15:18:08.503 [INFO] Scenarios: 	1 executed, 1 passed, 0 failed, 0 skipped
15:18:08.503 [INFO] Total time taken: 4.974s
